[    0.000000] Initializing cgroup subsys cpuset
[    0.000000] Initializing cgroup subsys cpu
[    0.000000] Initializing cgroup subsys cpuacct
[    0.000000] Linux version 4.4.0-186-generic (buildd@lcy01-amd64-002) (gcc version 5.4.0 20160609 (Ubuntu 5.4.0-6ubuntu1~16.04.12) ) #216-Ubuntu SMP Wed Jul 1 05:34:05 UTC 2020 (Ubuntu 4.4.0-186.216-generic 4.4.228)
[    0.000000] Command line: BOOT_IMAGE=/boot/vmlinuz-4.4.0-186-generic root=LABEL=cloudimg-rootfs ro console=tty1 console=ttyS0
[    0.000000] KERNEL supported cpus:
[    0.000000]   Intel GenuineIntel
[    0.000000]   AMD AuthenticAMD
[    0.000000]   Centaur CentaurHauls
[    0.000000] [Firmware Bug]: TSC doesn't count with P0 frequency!
[    0.000000] x86/fpu: xstate_offset[2]:  576, xstate_sizes[2]:  256
[    0.000000] x86/fpu: Supporting XSAVE feature 0x01: 'x87 floating point registers'
[    0.000000] x86/fpu: Supporting XSAVE feature 0x02: 'SSE registers'
[    0.000000] x86/fpu: Supporting XSAVE feature 0x04: 'AVX registers'
[    0.000000] x86/fpu: Enabled xstate features 0x7, context size is 832 bytes, using 'standard' format.
[    0.000000] e820: BIOS-provided physical RAM map:
[    0.000000] BIOS-e820: [mem 0x0000000000000000-0x000000000009fbff] usable
[    0.000000] BIOS-e820: [mem 0x000000000009fc00-0x000000000009ffff] reserved
[    0.000000] BIOS-e820: [mem 0x00000000000f0000-0x00000000000fffff] reserved
[    0.000000] BIOS-e820: [mem 0x0000000000100000-0x000000003ffeffff] usable
[    0.000000] BIOS-e820: [mem 0x000000003fff0000-0x000000003fffffff] ACPI data
[    0.000000] BIOS-e820: [mem 0x00000000fec00000-0x00000000fec00fff] reserved
[    0.000000] BIOS-e820: [mem 0x00000000fee00000-0x00000000fee00fff] reserved
[    0.000000] BIOS-e820: [mem 0x00000000fffc0000-0x00000000ffffffff] reserved
[    0.000000] NX (Execute Disable) protection: active
[    0.000000] SMBIOS 2.5 present.
[    0.000000] Hypervisor detected: KVM
[    0.000000] Kernel/User page tables isolation: disabled
[    0.000000] e820: last_pfn = 0x3fff0 max_arch_pfn = 0x400000000
[    0.000000] MTRR: Disabled
[    0.000000] x86/PAT: MTRRs disabled, skipping PAT initialization too.
[    0.000000] CPU MTRRs all blank - virtualized system.
[    0.000000] x86/PAT: Configuration [0-7]: WB  WT  UC- UC  WB  WT  UC- UC  
[    0.000000] found SMP MP-table at [mem 0x0009fff0-0x0009ffff] mapped at [ffff88000009fff0]
[    0.000000] Scanning 1 areas for low memory corruption
[    0.000000] RAMDISK: [mem 0x362e0000-0x37167fff]
[    0.000000] ACPI: Early table checksum verification disabled
[    0.000000] ACPI: RSDP 0x00000000000E0000 000024 (v02 VBOX  )
[    0.000000] ACPI: XSDT 0x000000003FFF0030 00003C (v01 VBOX   VBOXXSDT 00000001 ASL  00000061)
[    0.000000] ACPI: FACP 0x000000003FFF00F0 0000F4 (v04 VBOX   VBOXFACP 00000001 ASL  00000061)
[    0.000000] ACPI: DSDT 0x000000003FFF0470 002325 (v02 VBOX   VBOXBIOS 00000002 INTL 20100528)
[    0.000000] ACPI: FACS 0x000000003FFF0200 000040
[    0.000000] ACPI: FACS 0x000000003FFF0200 000040
[    0.000000] ACPI: APIC 0x000000003FFF0240 00005C (v02 VBOX   VBOXAPIC 00000001 ASL  00000061)
[    0.000000] ACPI: SSDT 0x000000003FFF02A0 0001CC (v01 VBOX   VBOXCPUT 00000002 INTL 20100528)
[    0.000000] No NUMA configuration found
[    0.000000] Faking a node at [mem 0x0000000000000000-0x000000003ffeffff]
[    0.000000] NODE_DATA(0) allocated [mem 0x3ffeb000-0x3ffeffff]
[    0.000000] kvm-clock: Using msrs 4b564d01 and 4b564d00
[    0.000000] kvm-clock: cpu 0, msr 0:3ffe3001, primary cpu clock
[    0.000000] kvm-clock: using sched offset of 3438631068 cycles
[    0.000000] clocksource: kvm-clock: mask: 0xffffffffffffffff max_cycles: 0x1cd42e4dffb, max_idle_ns: 881590591483 ns
[    0.000000] Zone ranges:
[    0.000000]   DMA      [mem 0x0000000000001000-0x0000000000ffffff]
[    0.000000]   DMA32    [mem 0x0000000001000000-0x000000003ffeffff]
[    0.000000]   Normal   empty
[    0.000000]   Device   empty
[    0.000000] Movable zone start for each node
[    0.000000] Early memory node ranges
[    0.000000]   node   0: [mem 0x0000000000001000-0x000000000009efff]
[    0.000000]   node   0: [mem 0x0000000000100000-0x000000003ffeffff]
[    0.000000] Initmem setup node 0 [mem 0x0000000000001000-0x000000003ffeffff]
[    0.000000] ACPI: PM-Timer IO Port: 0x4008
[    0.000000] IOAPIC[0]: apic_id 2, version 32, address 0xfec00000, GSI 0-23
[    0.000000] ACPI: INT_SRC_OVR (bus 0 bus_irq 0 global_irq 2 dfl dfl)
[    0.000000] ACPI: INT_SRC_OVR (bus 0 bus_irq 9 global_irq 9 low level)
[    0.000000] Using ACPI (MADT) for SMP configuration information
[    0.000000] smpboot: Allowing 2 CPUs, 0 hotplug CPUs
[    0.000000] PM: Registered nosave memory: [mem 0x00000000-0x00000fff]
[    0.000000] PM: Registered nosave memory: [mem 0x0009f000-0x0009ffff]
[    0.000000] PM: Registered nosave memory: [mem 0x000a0000-0x000effff]
[    0.000000] PM: Registered nosave memory: [mem 0x000f0000-0x000fffff]
[    0.000000] e820: [mem 0x40000000-0xfebfffff] available for PCI devices
[    0.000000] Booting paravirtualized kernel on KVM
[    0.000000] clocksource: refined-jiffies: mask: 0xffffffff max_cycles: 0xffffffff, max_idle_ns: 7645519600211568 ns
[    0.000000] setup_percpu: NR_CPUS:512 nr_cpumask_bits:512 nr_cpu_ids:2 nr_node_ids:1
[    0.000000] PERCPU: Embedded 33 pages/cpu @ffff88003fc00000 s95512 r8192 d31464 u1048576
[    0.000000] Built 1 zonelists in Node order, mobility grouping on.  Total pages: 257912
[    0.000000] Policy zone: DMA32
[    0.000000] Kernel command line: BOOT_IMAGE=/boot/vmlinuz-4.4.0-186-generic root=LABEL=cloudimg-rootfs ro console=tty1 console=ttyS0
[    0.000000] PID hash table entries: 4096 (order: 3, 32768 bytes)
[    0.000000] Memory: 997664K/1048120K available (8636K kernel code, 1337K rwdata, 4040K rodata, 1492K init, 1296K bss, 50456K reserved, 0K cma-reserved)
[    0.000000] SLUB: HWalign=64, Order=0-3, MinObjects=0, CPUs=2, Nodes=1
[    0.000000] Hierarchical RCU implementation.
[    0.000000] 	Build-time adjustment of leaf fanout to 64.
[    0.000000] 	RCU restricting CPUs from NR_CPUS=512 to nr_cpu_ids=2.
[    0.000000] RCU: Adjusting geometry for rcu_fanout_leaf=64, nr_cpu_ids=2
[    0.000000] NR_IRQS:33024 nr_irqs:440 16
[    0.000000] Console: colour VGA+ 80x25
[    0.000000] console [tty1] enabled
[    0.000000] console [ttyS0] enabled
[    0.000000] tsc: Detected 2994.376 MHz processor
[    0.137712] Calibrating delay loop (skipped) preset value.. 5988.75 BogoMIPS (lpj=11977504)
[    0.138950] pid_max: default: 32768 minimum: 301
[    0.139617] ACPI: Core revision 20150930
[    0.140896] ACPI: 2 ACPI AML tables successfully acquired and loaded
[    0.141862] Security Framework initialized
[    0.142455] Yama: becoming mindful.
[    0.143011] AppArmor: AppArmor initialized
[    0.143679] Dentry cache hash table entries: 131072 (order: 8, 1048576 bytes)
[    0.144723] Inode-cache hash table entries: 65536 (order: 7, 524288 bytes)
[    0.146731] Mount-cache hash table entries: 2048 (order: 2, 16384 bytes)
[    0.147655] Mountpoint-cache hash table entries: 2048 (order: 2, 16384 bytes)
[    0.148752] Initializing cgroup subsys io
[    0.149382] Initializing cgroup subsys memory
[    0.150039] Initializing cgroup subsys devices
[    0.150691] Initializing cgroup subsys freezer
[    0.151354] Initializing cgroup subsys net_cls
[    0.151994] Initializing cgroup subsys perf_event
[    0.152648] Initializing cgroup subsys net_prio
[    0.153278] Initializing cgroup subsys hugetlb
[    0.153943] Initializing cgroup subsys pids
[    0.162170] mce: CPU supports 0 MCE banks
[    0.163032] Last level iTLB entries: 4KB 1024, 2MB 1024, 4MB 512
[    0.164182] Last level dTLB entries: 4KB 2048, 2MB 2048, 4MB 1024, 1GB 0
[    0.165030] Spectre V1 : Mitigation: usercopy/swapgs barriers and __user pointer sanitization
[    0.166177] Spectre V2 : Spectre mitigation: LFENCE not serializing, switching to generic retpoline
[    0.167381] Spectre V2 : Mitigation: Full generic retpoline
[    0.168205] Spectre V2 : Spectre v2 / SpectreRSB mitigation: Filling RSB on context switch
[    0.169373] Speculative Store Bypass: Mitigation: Speculative Store Bypass disabled via prctl and seccomp
[    0.172654] Freeing SMP alternatives memory: 36K
[    0.178327] ftrace: allocating 32334 entries in 127 pages
[    0.226462] smpboot: APIC(0) Converting physical 0 to logical package 0
[    0.227527] smpboot: Max logical packages: 1
[    0.228361] x2apic enabled
[    0.229074] Switched APIC routing to physical x2apic.
[    0.230769] ..TIMER: vector=0x30 apic1=0 pin1=2 apic2=-1 pin2=-1
[    0.339660] APIC calibration not consistent with PM-Timer: 101ms instead of 100ms
[    0.340789] APIC delta adjusted to PM-Timer: 6282815 (6405153)
[    0.341629] smpboot: CPU0: AMD Ryzen 5 4600H with Radeon Graphics (family: 0x17, model: 0x60, stepping: 0x1)
[    0.343207] Performance Events: Broken PMU hardware detected, using software events only.
[    0.344761] Failed to access perfctr msr (MSR c0010007 is 0)
[    0.351019] KVM setup paravirtual spinlock
[    0.352313] x86: Booting SMP configuration:
[    0.352955] .... node  #0, CPUs:      #1
[    0.353837] kvm-clock: cpu 1, msr 0:3ffe3041, secondary cpu clock
[    0.363122] mce: CPU supports 0 MCE banks
[    0.365989] x86: Booted up 1 node, 2 CPUs
[    0.366848] smpboot: Total of 2 processors activated (11977.50 BogoMIPS)
[    0.368216] devtmpfs: initialized
[    0.372514] evm: security.selinux
[    0.373848] evm: security.SMACK64
[    0.375186] evm: security.SMACK64EXEC
[    0.376487] evm: security.SMACK64TRANSMUTE
[    0.377835] evm: security.SMACK64MMAP
[    0.379078] evm: security.ima
[    0.380289] evm: security.capability
[    0.382686] clocksource: jiffies: mask: 0xffffffff max_cycles: 0xffffffff, max_idle_ns: 7645041785100000 ns
[    0.384293] futex hash table entries: 512 (order: 3, 32768 bytes)
[    0.385208] pinctrl core: initialized pinctrl subsystem
[    0.386029] RTC time:  9:19:05, date: 07/29/20
[    0.386959] NET: Registered protocol family 16
[    0.397930] cpuidle: using governor ladder
[    0.410863] cpuidle: using governor menu
[    0.412743] PCCT header not found.
[    0.415022] ACPI: bus type PCI registered
[    0.416888] acpiphp: ACPI Hot Plug PCI Controller Driver version: 0.5
[    0.419595] PCI: Using configuration type 1 for base access
[    0.421800] PCI: Using configuration type 1 for extended access
[    0.435231] ACPI: Added _OSI(Module Device)
[    0.437073] ACPI: Added _OSI(Processor Device)
[    0.439034] ACPI: Added _OSI(3.0 _SCP Extensions)
[    0.440968] ACPI: Added _OSI(Processor Aggregator Device)
[    0.444327] ACPI: Executed 1 blocks of module-level executable AML code
[    0.450821] ACPI: Interpreter enabled
[    0.452587] ACPI: (supports S0 S5)
[    0.454187] ACPI: Using IOAPIC for interrupt routing
[    0.456531] PCI: Using host bridge windows from ACPI; if necessary, use "pci=nocrs" and report a bug
[    0.467238] ACPI: PCI Root Bridge [PCI0] (domain 0000 [bus 00-ff])
[    0.469634] acpi PNP0A03:00: _OSC: OS supports [ExtendedConfig ASPM ClockPM Segments MSI]
[    0.474927] acpi PNP0A03:00: _OSC: platform does not support [PCIeCapability]
[    0.478284] acpi PNP0A03:00: _OSC: not requesting control; platform does not support [PCIeCapability]
[    0.482178] acpi PNP0A03:00: _OSC: OS requested [PCIeHotplug PME AER PCIeCapability]
[    0.485403] acpi PNP0A03:00: _OSC: platform willing to grant [PCIeHotplug PME AER]
[    0.498580] acpi PNP0A03:00: _OSC failed (AE_SUPPORT); disabling ASPM
[    0.499737] PCI host bridge to bus 0000:00
[    0.500377] pci_bus 0000:00: root bus resource [io  0x0000-0x0cf7 window]
[    0.501263] pci_bus 0000:00: root bus resource [io  0x0d00-0xffff window]
[    0.502145] pci_bus 0000:00: root bus resource [mem 0x000a0000-0x000bffff window]
[    0.503242] pci_bus 0000:00: root bus resource [mem 0x40000000-0xfdffffff window]
[    0.504343] pci_bus 0000:00: root bus resource [bus 00-ff]
[    0.506521] pci 0000:00:01.1: legacy IDE quirk: reg 0x10: [io  0x01f0-0x01f7]
[    0.507440] pci 0000:00:01.1: legacy IDE quirk: reg 0x14: [io  0x03f6]
[    0.508288] pci 0000:00:01.1: legacy IDE quirk: reg 0x18: [io  0x0170-0x0177]
[    0.509210] pci 0000:00:01.1: legacy IDE quirk: reg 0x1c: [io  0x0376]
[    0.530570] pci 0000:00:07.0: quirk: [io  0x4000-0x403f] claimed by PIIX4 ACPI
[    0.531717] pci 0000:00:07.0: quirk: [io  0x4100-0x410f] claimed by PIIX4 SMB
[    0.546705] ACPI: PCI Interrupt Link [LNKA] (IRQs 5 9 10 *11)
[    0.549990] ACPI: PCI Interrupt Link [LNKB] (IRQs 5 9 *10 11)
[    0.553455] ACPI: PCI Interrupt Link [LNKC] (IRQs 5 *9 10 11)
[    0.556605] ACPI: PCI Interrupt Link [LNKD] (IRQs 5 9 10 *11)
[    0.559947] ACPI: Enabled 2 GPEs in block 00 to 07
[    0.562535] vgaarb: setting as boot device: PCI:0000:00:02.0
[    0.564951] vgaarb: device added: PCI:0000:00:02.0,decodes=io+mem,owns=io+mem,locks=none
[    0.568340] vgaarb: loaded
[    0.569426] vgaarb: bridge control possible 0000:00:02.0
[    0.571540] SCSI subsystem initialized
[    0.573118] ACPI: bus type USB registered
[    0.574553] usbcore: registered new interface driver usbfs
[    0.576285] usbcore: registered new interface driver hub
[    0.578129] usbcore: registered new device driver usb
[    0.580209] PCI: Using ACPI for IRQ routing
[    0.582726] NetLabel: Initializing
[    0.583554] NetLabel:  domain hash size = 128
[    0.584380] NetLabel:  protocols = UNLABELED CIPSOv4
[    0.585161] NetLabel:  unlabeled traffic allowed by default
[    0.586106] amd_nb: Cannot enumerate AMD northbridges
[    0.586889] clocksource: Switched to clocksource kvm-clock
[    0.593254] AppArmor: AppArmor Filesystem Enabled
[    0.594065] pnp: PnP ACPI init
[    0.595228] pnp: PnP ACPI: found 3 devices
[    0.605119] clocksource: acpi_pm: mask: 0xffffff max_cycles: 0xffffff, max_idle_ns: 2085701024 ns
[    0.606410] NET: Registered protocol family 2
[    0.607198] TCP established hash table entries: 8192 (order: 4, 65536 bytes)
[    0.608160] TCP bind hash table entries: 8192 (order: 5, 131072 bytes)
[    0.609020] TCP: Hash tables configured (established 8192 bind 8192)
[    0.610011] UDP hash table entries: 512 (order: 2, 16384 bytes)
[    0.610834] UDP-Lite hash table entries: 512 (order: 2, 16384 bytes)
[    0.612439] NET: Registered protocol family 1
[    0.613269] pci 0000:00:00.0: Limiting direct PCI/PCI transfers
[    0.614249] pci 0000:00:01.0: Activating ISA DMA hang workarounds
[    0.616102] Unpacking initramfs...
[    0.792691] Freeing initrd memory: 14880K
[    0.793678] clocksource: tsc: mask: 0xffffffffffffffff max_cycles: 0x2b2984d0609, max_idle_ns: 440795359805 ns
[    0.795313] platform rtc_cmos: registered platform RTC device (no PNP device found)
[    0.796474] Scanning for low memory corruption every 60 seconds
[    0.797906] audit: initializing netlink subsys (disabled)
[    0.799688] audit: type=2000 audit(1596014350.919:1): initialized
[    0.802289] Initialise system trusted keyring
[    0.804045] HugeTLB registered 2 MB page size, pre-allocated 0 pages
[    0.808083] zbud: loaded
[    0.810218] VFS: Disk quotas dquot_6.6.0
[    0.811499] VFS: Dquot-cache hash table entries: 512 (order 0, 4096 bytes)
[    0.812546] squashfs: version 4.0 (2009/01/31) Phillip Lougher
[    0.813604] fuse init (API version 7.23)
[    0.815250] Key type big_key registered
[    0.817216] Allocating IMA MOK and blacklist keyrings.
[    0.823124] Key type asymmetric registered
[    0.824529] Asymmetric key parser 'x509' registered
[    0.826099] Block layer SCSI generic (bsg) driver version 0.4 loaded (major 249)
[    0.828785] io scheduler noop registered
[    0.830208] io scheduler deadline registered (default)
[    0.831914] io scheduler cfq registered
[    0.833319] pci_hotplug: PCI Hot Plug PCI Core version: 0.5
[    0.835092] pciehp: PCI Express Hot Plug Controller Driver version: 0.4
[    0.837638] ACPI: AC Adapter [AC] (off-line)
[    0.839574] input: Power Button as /devices/LNXSYSTM:00/LNXPWRBN:00/input/input0
[    0.842488] ACPI: Power Button [PWRF]
[    0.844079] input: Sleep Button as /devices/LNXSYSTM:00/LNXSLPBN:00/input/input1
[    0.846657] ACPI: Sleep Button [SLPF]
[    0.848343] GHES: HEST is not enabled!
[    0.849312] ACPI: Battery Slot [BAT0] (battery present)
[    0.851542] Serial: 8250/16550 driver, 32 ports, IRQ sharing enabled
[    0.873308] 00:02: ttyS0 at I/O 0x3f8 (irq = 4, base_baud = 115200) is a 16550A
[    0.878872] Linux agpgart interface v0.103
[    0.881171] loop: module loaded
[    0.882288] scsi host0: ata_piix
[    0.883862] scsi host1: ata_piix
[    0.884565] ata1: PATA max UDMA/33 cmd 0x1f0 ctl 0x3f6 bmdma 0xd000 irq 14
[    0.885625] ata2: PATA max UDMA/33 cmd 0x170 ctl 0x376 bmdma 0xd008 irq 15
[    0.886587] libphy: Fixed MDIO Bus: probed
[    0.887238] tun: Universal TUN/TAP device driver, 1.6
[    0.887951] tun: (C) 1999-2004 Max Krasnyansky <maxk@qualcomm.com>
[    0.888910] PPP generic driver version 2.4.2
[    0.890448] ehci_hcd: USB 2.0 'Enhanced' Host Controller (EHCI) Driver
[    0.892444] ehci-pci: EHCI PCI platform driver
[    0.893935] ehci-platform: EHCI generic platform driver
[    0.895662] ohci_hcd: USB 1.1 'Open' Host Controller (OHCI) Driver
[    0.897612] ohci-pci: OHCI PCI platform driver
[    0.899285] ohci-platform: OHCI generic platform driver
[    0.901032] uhci_hcd: USB Universal Host Controller Interface driver
[    0.903150] i8042: PNP: PS/2 Controller [PNP0303:PS2K,PNP0f03:PS2M] at 0x60,0x64 irq 1,12
[    0.906698] serio: i8042 KBD port at 0x60,0x64 irq 1
[    0.908561] serio: i8042 AUX port at 0x60,0x64 irq 12
[    0.910855] mousedev: PS/2 mouse device common for all mice
[    0.913136] input: AT Translated Set 2 keyboard as /devices/platform/i8042/serio0/input/input2
[    0.916089] rtc_cmos rtc_cmos: rtc core: registered rtc_cmos as rtc0
[    0.918375] rtc_cmos rtc_cmos: alarms up to one day, 114 bytes nvram
[    0.920529] i2c /dev entries driver
[    0.922149] device-mapper: uevent: version 1.0.3
[    0.924251] device-mapper: ioctl: 4.34.0-ioctl (2015-10-28) initialised: dm-devel@redhat.com
[    0.926994] ledtrig-cpu: registered to indicate activity on CPUs
[    0.929495] NET: Registered protocol family 10
[    0.931492] NET: Registered protocol family 17
[    0.933343] Key type dns_resolver registered
[    0.935940] registered taskstats version 1
[    0.937675] Loading compiled-in X.509 certificates
[    0.940069] Loaded X.509 cert 'Build time autogenerated kernel key: cef5e81496c0efa51b848ab539e845ddf31c08be'
[    0.943188] zswap: loaded using pool lzo/zbud
[    0.946575] Key type trusted registered
[    0.951528] Key type encrypted registered
[    0.952911] AppArmor: AppArmor sha1 policy hashing enabled
[    0.954868] ima: No TPM chip found, activating TPM-bypass!
[    0.956623] ima: Allocated hash algorithm: sha1
[    0.958348] evm: HMAC attrs: 0x1
[    0.960516]   Magic number: 12:410:324
[    0.961792] tty tty49: hash matches
[    0.962364] acpi PNP0B00:00: hash matches
[    0.963106] rtc_cmos rtc_cmos: setting system clock to 2020-07-29 09:19:06 UTC (1596014346)
[    0.964339] BIOS EDD facility v0.16 2004-Jun-25, 0 devices found
[    0.965130] EDD information not available.
[    1.582196] Freeing unused kernel memory: 1492K
[    1.584159] Write protecting the kernel read-only data: 14336k
[    1.587550] Freeing unused kernel memory: 1592K
[    1.589843] Freeing unused kernel memory: 56K
Loading, please wait...
starting version 229
[    1.621367] random: systemd-udevd: uninitialized urandom read (16 bytes read, 4 bits of entropy available)
[    1.622365] random: udevadm: uninitialized urandom read (16 bytes read, 4 bits of entropy available)
[    1.622400] random: udevadm: uninitialized urandom read (16 bytes read, 4 bits of entropy available)
[    1.633536] random: systemd-udevd: uninitialized urandom read (16 bytes read, 4 bits of entropy available)
[    1.638019] random: systemd-udevd: uninitialized urandom read (16 bytes read, 4 bits of entropy available)
[    1.639705] random: udevadm: uninitialized urandom read (16 bytes read, 4 bits of entropy available)
[    1.639790] random: udevadm: uninitialized urandom read (16 bytes read, 4 bits of entropy available)
[    1.640017] random: udevadm: uninitialized urandom read (16 bytes read, 4 bits of entropy available)
[    1.640100] random: udevadm: uninitialized urandom read (16 bytes read, 4 bits of entropy available)
[    1.640180] random: udevadm: uninitialized urandom read (16 bytes read, 4 bits of entropy available)
[    1.689570] e1000: Intel(R) PRO/1000 Network Driver - version 7.3.21-k8-NAPI
[    1.690666] e1000: Copyright (c) 1999-2006 Intel Corporation.
[    1.694350] Fusion MPT base driver 3.04.20
[    1.695238] Copyright (c) 1999-2008 LSI Corporation
[    1.709961] AVX2 version of gcm_enc/dec engaged.
[    1.710905] AES CTR mode by8 optimization enabled
[    1.716138] Fusion MPT SPI Host driver 3.04.20
[    1.901860] input: ImExPS/2 Generic Explorer Mouse as /devices/platform/i8042/serio1/input/input4
[    2.063894] e1000 0000:00:03.0 eth0: (PCI:33MHz:32-bit) 02:e5:f9:b1:f5:c2
[    2.066903] e1000 0000:00:03.0 eth0: Intel(R) PRO/1000 Network Connection
[    2.071082] mptbase: ioc0: Initiating bringup
[    2.775424] ioc0: LSI53C1030 A0: Capabilities={Initiator}
[    2.958528] scsi host2: ioc0: LSI53C1030 A0, FwRev=00000000h, Ports=1, MaxQ=256, IRQ=20
[    3.815568] scsi 2:0:0:0: Direct-Access     VBOX     HARDDISK         1.0  PQ: 0 ANSI: 5
[    3.818148] scsi target2:0:0: Beginning Domain Validation
[    3.821983] scsi target2:0:0: Domain Validation skipping write tests
[    3.824496] scsi target2:0:0: Ending Domain Validation
[    3.826932] scsi target2:0:0: asynchronous
[    3.829773] scsi 2:0:1:0: Direct-Access     VBOX     HARDDISK         1.0  PQ: 0 ANSI: 5
[    3.833535] scsi target2:0:1: Beginning Domain Validation
[    3.837715] scsi target2:0:1: Domain Validation skipping write tests
[    3.840069] scsi target2:0:1: Ending Domain Validation
[    3.842153] scsi target2:0:1: asynchronous
[    3.864316] sd 2:0:0:0: Attached scsi generic sg0 type 0
[    3.867470] sd 2:0:0:0: [sda] 20971520 512-byte logical blocks: (10.7 GB/10.0 GiB)
[    3.871276] sd 2:0:1:0: Attached scsi generic sg1 type 0
[    3.892409] sd 2:0:0:0: [sda] Write Protect is off
[    3.894672] sd 2:0:0:0: [sda] Incomplete mode parameter data
[    3.897521] sd 2:0:0:0: [sda] Assuming drive cache: write through
[    3.900742] sd 2:0:1:0: [sdb] 20480 512-byte logical blocks: (10.5 MB/10.0 MiB)
[    3.904561] sd 2:0:1:0: [sdb] Write Protect is off
[    3.906880] sd 2:0:1:0: [sdb] Incomplete mode parameter data
[    3.909192] sd 2:0:1:0: [sdb] Assuming drive cache: write through
[    3.924692]  sda: sda1
[    3.927189] sd 2:0:0:0: [sda] Attached SCSI disk
[    3.932117] sd 2:0:1:0: [sdb] Attached SCSI disk
[    4.235860] e1000 0000:00:08.0 eth1: (PCI:33MHz:32-bit) 08:00:27:16:19:71
[    4.237545] e1000 0000:00:08.0 eth1: Intel(R) PRO/1000 Network Connection
[    4.240882] e1000 0000:00:08.0 enp0s8: renamed from eth1
[    4.260284] e1000 0000:00:03.0 enp0s3: renamed from eth0
Begin: Loading essential drivers ... [    5.802286] md: linear personality registered for level -1
[    5.806206] md: multipath personality registered for level -4
[    5.810287] md: raid0 personality registered for level 0
[    5.816499] md: raid1 personality registered for level 1
[    5.887880] raid6: sse2x1   gen()  4423 MB/s
[    5.955341] raid6: sse2x1   xor()  3238 MB/s
[    6.023293] raid6: sse2x2   gen()  6184 MB/s
[    6.090946] raid6: sse2x2   xor()  5409 MB/s
[    6.159326] raid6: sse2x4   gen()  9769 MB/s
[    6.228701] raid6: sse2x4   xor()  6309 MB/s
[    6.295118] raid6: avx2x1   gen() 11820 MB/s
[    6.364600] raid6: avx2x2   gen() 19520 MB/s
[    6.431951] raid6: avx2x4   gen() 20214 MB/s
[    6.433050] raid6: using algorithm avx2x4 gen() 20214 MB/s
[    6.434278] raid6: using avx2x2 recovery algorithm
[    6.436802] xor: automatically using best checksumming function:
[    6.474948]    avx       : 11108.000 MB/sec
[    6.477330] async_tx: api initialized (async)
[    6.490201] md: raid6 personality registered for level 6
[    6.491566] md: raid5 personality registered for level 5
[    6.493026] md: raid4 personality registered for level 4
[    6.503945] md: raid10 personality registered for level 10
done.
Begin: Running /scripts/init-premount ... done.
Begin: Mounting root file system ... Begin: Running /scripts/local-top ... done.
Begin: Running /scripts/local-premount ... [    6.552864] Btrfs loaded
Scanning for Btrfs filesystems
done.
Warning: fsck not present, so skipping root file system
[    6.599158] EXT4-fs (sda1): mounted filesystem with ordered data mode. Opts: (null)
done.
Begin: Running /scripts/local-bottom ... done.
Begin: Running /scripts/init-bottom ... done.
[    6.769441] systemd[1]: systemd 229 running in system mode. (+PAM +AUDIT +SELINUX +IMA +APPARMOR +SMACK +SYSVINIT +UTMP +LIBCRYPTSETUP +GCRYPT +GNUTLS +ACL +XZ -LZ4 +SECCOMP +BLKID +ELFUTILS +KMOD -IDN)
[    6.773441] systemd[1]: Detected virtualization oracle.
[    6.775056] systemd[1]: Detected architecture x86-64.

Welcome to [1mUbuntu 16.04.6 LTS[0m!

[    6.780045] systemd[1]: Set hostname to <ubuntu>.
[    6.784081] systemd[1]: Initializing machine ID from random generator.
[    6.785936] systemd[1]: Installed transient /etc/machine-id file.
[    6.952432] systemd[1]: Reached target System Time Synchronized.
[[0;32m  OK  [0m] Reached target System Time Synchronized.
[    6.956699] systemd[1]: Created slice System Slice.
[[0;32m  OK  [0m] Created slice System Slice.
[    6.960347] systemd[1]: Listening on udev Kernel Socket.
[[0;32m  OK  [0m] Listening on udev Kernel Socket.
[    6.964375] systemd[1]: Listening on LVM2 poll daemon socket.
[[0;32m  OK  [0m] Listening on LVM2 poll daemon socket.
[    6.969039] systemd[1]: Listening on Journal Audit Socket.
[[0;32m  OK  [0m] Listening on Journal Audit Socket.
[    6.971588] systemd[1]: Reached target Swap.
[[0;32m  OK  [0m] Reached target Swap.
[    6.973857] systemd[1]: Listening on Journal Socket (/dev/log).
[[0;32m  OK  [0m] Listening on Journal Socket (/dev/log).
[    6.977000] systemd[1]: Listening on /dev/initctl Compatibility Named Pipe.
[[0;32m  OK  [0m] Listening on /dev/initctl Compatibility Named Pipe.
[    6.980522] systemd[1]: Listening on Device-mapper event daemon FIFOs.
[[0;32m  OK  [0m] Listening on Device-mapper event daemon FIFOs.
[    6.983203] systemd[1]: Listening on LVM2 metadata daemon socket.
[[0;32m  OK  [0m] Listening on LVM2 metadata daemon socket.
[    6.985865] systemd[1]: Listening on Syslog Socket.
[[0;32m  OK  [0m] Listening on Syslog Socket.
[    6.988535] systemd[1]: Created slice system-serial\x2dgetty.slice.
[[0;32m  OK  [0m] Created slice system-serial\x2dgetty.slice.
[    6.991369] systemd[1]: Started Forward Password Requests to Wall Directory Watch.
[[0;32m  OK  [0m] Started Forward Password Requests to Wall Directory Watch.
[    6.994644] systemd[1]: Reached target User and Group Name Lookups.
[[0;32m  OK  [0m] Reached target User and Group Name Lookups.
[    6.997913] systemd[1]: Reached target Encrypted Volumes.
[[0;32m  OK  [0m] Reached target Encrypted Volumes.
[    7.000405] systemd[1]: Started Trigger resolvconf update for networkd DNS.
[[0;32m  OK  [0m] Started Trigger resolvconf update for networkd DNS.
[    7.003315] systemd[1]: Listening on udev Control Socket.
[[0;32m  OK  [0m] Listening on udev Control Socket.
[    7.006093] systemd[1]: Set up automount Arbitrary Executable File Formats File System Automount Point.
[[0;32m  OK  [0m] Set up automount Arbitrary Executab...ats File System Automount Point.
[    7.009878] systemd[1]: Listening on Journal Socket.
[[0;32m  OK  [0m] Listening on Journal Socket.
[    7.035092] systemd[1]: Starting Load Kernel Modules...
         Starting Load Kernel Modules...
[    7.040064] systemd[1]: Starting Monitoring of LVM2 mirrors, snapshots etc. using dmeventd or progress polling...
         Starting Monitoring of LVM2 mirrors... dmeventd or progress polling...
[    7.044620] systemd[1]: Starting Nameserver information manager...
         Starting Nameserver information manager...
[    7.048903] systemd[1]: Mounting Debug File System...
[    7.050601] Loading iSCSI transport class v2.0-870.
         Mounting Debug File System...
[    7.053300] systemd[1]: Starting Uncomplicated firewall...
         Starting Uncomplicated firewall...
[    7.057214] systemd[1]: Starting Journal Service...
         Starting Journal Service...
[    7.060882] systemd[1]: Starting Set console keymap...
         Starting Set console keymap...
[    7.066875] systemd[1]: Starting Create list of required static device nodes for the current kernel...
[    7.069333] iscsi: registered transport (tcp)
         Starting Create list of required st... nodes for the current kernel...
[    7.074050] systemd[1]: Mounting POSIX Message Queue File System...
         Mounting POSIX Message Queue File System...
[    7.077660] systemd[1]: Mounting Huge Pages File System...
         Mounting Huge Pages File System...
[    7.084146] systemd[1]: Starting Remount Root and Kernel File Systems...
         Starting Remount Root and Kernel File Systems...
[    7.090372] systemd[1]: Created slice User and Session Slice.
[[0;32m  OK  [0m] Created slice User and Session Slice.
[    7.093041] systemd[1]: Reached target Slices.
[[0;32m  OK  [0m] Reached target Slices.
[    7.096485] EXT4-fs (sda1): re-mounted. Opts: (null)
[    7.098446] systemd[1]: Mounted POSIX Message Queue File System.
[[0;32m  OK  [0m] Mounted POSIX Message Queue File System.
[    7.101276] systemd[1]: Mounted Debug File System.
[[0;32m  OK  [0m] Mounted Debug File System.
[    7.103979] systemd[1]: Mounted Huge Pages File System.
[[0;32m  OK  [0m] Mounted Huge Pages File System.
[    7.110728] systemd[1]: Started Uncomplicated firewall.
[[0;32m  OK  [0m] Started Uncomplicated firewall.
[    7.122009] systemd[1]: Started Create list of required static device nodes for the current kernel.
[[0;32m  OK  [0m] Started Create list of required sta...ce nodes for the current kernel.
[    7.127014] systemd[1]: Started Remount Root and Kernel File Systems.
[[0;32m  OK  [0m] Started Remount Root and Kernel File Systems.
[    7.151395] systemd[1]: Started Nameserver information manager.
[[0;32m  OK  [0m] Started Nameserver information manager.
[    7.155254] systemd[1]: Started Journal Service.
[[0;32m  OK  [0m] [    7.156894] random: nonblocking pool is initialized
Started Journal Service.
[[0;32m  OK  [0m] Started LVM2 metadata daemon.
         Starting udev Coldplug all Devices...
         Starting Load/Save Random Seed...
         Starting Flush Journal to Persistent Storage...
         Starting Create Static Device Nodes in /dev...
[[0;32m  OK  [0m] Started Set console keymap.
[[0;32m  OK  [0m] Started Load/Save Random Seed.
[    7.188966] systemd-journald[384]: Received request to flush runtime journal from PID 1
[    7.191789] iscsi: registered transport (iser)
[[0;32m  OK  [0m] Started Flush Journal to Persistent Storage.
[[0;32m  OK  [0m] Started Load Kernel Modules.
[[0;32m  OK  [0m] Started Create Static Device Nodes in /dev.
         Starting udev Kernel Device Manager...
         Starting Apply Kernel Variables...
         Mounting FUSE Control File System...
[[0;32m  OK  [0m] Mounted FUSE Control File System.
[[0;32m  OK  [0m] Started Monitoring of LVM2 mirrors,...ng dmeventd or progress polling.
[[0;32m  OK  [0m] Reached target Local File Systems (Pre).
[[0;32m  OK  [0m] Reached target Local File Systems.
         Starting Commit a transient machine-id on disk...
         Starting Set console font and keymap...
         Starting Create Volatile Files and Directories...
         Starting Tell Plymouth To Write Out Runtime Data...
         Starting LSB: AppArmor initialization...
         Starting Initial cloud-init job (pre-networking)...
[[0;32m  OK  [0m] Started udev Coldplug all Devices.
[[0;32m  OK  [0m] Started Apply Kernel Variables.
[[0;32m  OK  [0m] Started Commit a transient machine-id on disk.
[[0;32m  OK  [0m] Started Create Volatile Files and Directories.
         Starting Update UTMP about System Boot/Shutdown...
[[0;32m  OK  [0m] Started Tell Plymouth To Write Out Runtime Data.
[[0;32m  OK  [0m] Started Update UTMP about System Boot/Shutdown.
[[0;32m  OK  [0m] Started udev Kernel Device Manager.
[[0;32m  OK  [0m] Started Dispatch Password Requests to Console Directory Watch.
[[0;32m  OK  [0m] Found device /dev/ttyS0.
[[0;32m  OK  [0m] Listening on Load/Save RF Kill Switch Status /dev/rfkill Watch.
[[0;32m  OK  [0m] Started Set console font and keymap.
[    8.778692] [cloud-init[0;32m  OK  [0m[483]: ] Cloud-init v. 20.2-45-g5f7825e2-0ubuntu1~16.04.1 running 'init-local' at Wed, 29 Jul 2020 09:19:13 +0000. Up 8.27 seconds.Created slice system-getty.slice.

[[0;32m  OK  [0m] Started Initial cloud-init job (pre-networking).
[[0;32m  OK  [0m] Started LSB: AppArmor initialization.
         Starting Load AppArmor profiles managed internally by snapd...
[[0;32m  OK  [0m] Reached target Network (Pre).
         Starting Raise network interfaces...
[[0;32m  OK  [0m] Started Load AppArmor profiles managed internally by snapd.
[[0;32m  OK  [0m] Started Raise network interfaces.
         Starting Initial cloud-init job (metadata service crawler)...
[[0;32m  OK  [0m] Reached target Network.
[   10.250211] cloud-init[961]: Cloud-init v. 20.2-45-g5f7825e2-0ubuntu1~16.04.1 running 'init' at Wed, 29 Jul 2020 09:19:15 +0000. Up 9.49 seconds.
[   10.253649] cloud-init[961]: ci-info: ++++++++++++++++++++++++++++++++++++++Net device info+++++++++++++++++++++++++++++++++++++++
[   10.266015] cloud-init[961]: ci-info: +--------+-------+----------------------------+---------------+--------+-------------------+
[   10.269001] cloud-init[961]: ci-info: | Device |   Up  |          Address           |      Mask     | Scope  |     Hw-Address    |
[   10.276714] cloud-init[961]: ci-info: +--------+-------+----------------------------+---------------+--------+-------------------+
[   10.289108] cloud-init[961]: ci-info: | enp0s3 |  True |         10.0.2.15          | 255.255.255.0 | global | 02:e5:f9:b1:f5:c2 |
[   10.292332] cloud-init[961]: ci-info: | enp0s3 |  True | fe80::e5:f9ff:feb1:f5c2/64 |       .       |  link  | 02:e5:f9:b1:f5:c2 |
[   10.302185] cloud-init[961]: ci-info: | enp0s8 | False |             .              |       .       |   .    | 08:00:27:16:19:71 |
[   10.305441] cloud-init[961]: ci-info: |   lo   |  True |         127.0.0.1          |   255.0.0.0   |  host  |         .         |
[   10.308479] cloud-init[961]: ci-info: |   lo   |  True |          ::1/128           |       .       |  host  |         .         |
[   10.312061] cloud-init[961]: ci-info: +--------+-------+----------------------------+---------------+--------+-------------------+
[   10.315796] cloud-init[961]: ci-info: +++++++++++++++++++++++++++Route IPv4 info++++++++++++++++++++++++++++
[   10.318982] cloud-init[961]: ci-info: +-------+-------------+----------+---------------+-----------+-------+
[   10.322061] cloud-init[961]: ci-info: | Route | Destination | Gateway  |    Genmask    | Interface | Flags |
[   10.332608] [[0;32m  OK  [0m] Started Initial cloud-init job (metadata service crawler).
[[0;32m  OK  [0m] Reached target Network is Online.
cloud-init[961]: ci-info: +-------+-------------+----------+---------------+-----------+-------+
[   10.335140] cloud-init[961]: ci-info: |   0   |   0.0.0.0   | 10.0.2.2 |    0.0.0.0    |   enp0s3  |   UG  |
[   10.337281] cloud-init[961]: ci-info: |   1   |   10.0.2.0  | 0.0.0.0  | 255.255.255.0 |   enp0s3  |   U   |
[   10.339636] cloud-init[961]: ci-info: +-------+-------------+----------+---------------+-----------+-------+
[   10.348873] cloud-init[961]: ci-info: +++++++++++++++++++Route IPv6 info+++++++++++++++++++
[   10.350805] cloud-init[961]: ci-info: +-------+-------------+---------+-----------+-------+
         Starting iSCSI initiator daemon (iscsid)...
[[0;32m  OK  [0m] Reached target Cloud-config availability.
[[0;32m  OK  [0m] Reached target System Initialization.
[   10.356422] cloud-init[961]: ci-info: | Route | Destination | Gateway | Interface | Flags |
[[0;32m  OK  [0m] Listening on ACPID Listen Socket.
[   10.365751] cloud-init[961]: ci-info: +-------+-------------+---------+-----------+-------+
[   10.377406] cloud-init[961]: ci-info: |   0   |  fe80::/64  |    ::   |   enp0s3  |   U   |
[   10.378134]          cloud-initStarting Socket activation for snappy daemon.[961]: 
ci-info: |   3   |   ff00::/8  |    ::   |   enp0s3  |   U   |
[[0;32m  OK  [0m] Started Daily Cleanup of Temporary Directories.
[[0;32m  OK  [0m] Listening on D-Bus System Message Bus Socket.
[[0;32m  OK  [0m] Started Daily apt download activities.
[[0;32m  OK  [0m] Listening on UUID daemon activation socket.
[[0;32m  OK  [0m] Started Message of the Day.
[   10.379777] cloud-init[961]: ci-info: +-------+-------------+---------+-----------+-------+[[0;32m  OK  [0m] Started ACPI Events Check.
[[0;32m  OK  [0m] Reached target Paths.

[   10.392844]          Starting LXD - unix socket.
[[0;32m  OK  [0m] Started Daily apt upgrade and clean activities.
[[0;32m  OK  [0m] Reached target Timers.
cloud-init[961]: Generating public/private rsa key pair.
[   10.405204] cloud-init[961]: Your identification has been saved in /etc/ssh/ssh_host_rsa_key.
[   10.408161] cloud-init[961]: [[0;32m  OK  [0m] Listening on Socket activation for snappy daemon.
[[0;32m  OK  [0m] Listening on LXD - unix socket.
[[0;32m  OK  [0m] Reached target Sockets.
[[0;32m  OK  [0m] Reached target Basic System.
         Starting LSB: Record successful boot for GRUB...
[[0;32m  OK  [0m] Started FUSE filesystem for LXC.
Your public key has been saved in /etc/ssh/ssh_host_rsa_key.pub.         Starting Login Service...
         Starting Accounts Service...
[[0;32m  OK  [0m] Started D-Bus System Message Bus.

[   10.445426] cloud-init[961]: The key fingerprint is:
[   10.447307] cloud-init[961]: SHA256:P2/qzuM+rJCBWdIYCR82E07+lqlC5edHz4RhLEoSWN4 root@ubuntu-xenial
[   10.450699] cloud-init[961]: The key's randomart image is:
[   10.453750] cloud-init[961]: +---[RSA 2048]----+
[   10.455439] cloud-init[961]: | o+.Oo           |
[   10.457286] cloud-init[961]: |.. O.B .         |
[   10.458745] cloud-init[961]: |  o E + +        |
[   10.461123] cloud-init[961]: |   = B = o       |
[   10.468757] cloud-init[961]: |  . = B S .      |
[   10.470776] cloud-init[961]: | .   = + =       |
[   10.472920] cloud-init[961]: |  . . + ..=      |
[   10.475360] cloud-init[961]: |   .   o .+o.    |
[   10.478226] cloud-init[961]: |        .*B=.    |
[   10.480551] cloud-init[961]: +----[SHA256]-----+
[   10.483421] cloud-init[961]: Generating public/private dsa key pair.
[   10.486337] cloud-init[961]: Your identification has been saved in /etc/ssh/ssh_host_dsa_key.
[   10.489147] cloud-init[961]: Your public key has been saved in /etc/ssh/ssh_host_dsa_key.pub.
[   10.492182] cloud-init[961]: The key fingerprint is:
[   10.494300] cloud-init[961]: SHA256:ArQ3vJFmDuq/u6vivriyXCRn8O3m1RfnZn247IDXQTA root@ubuntu-xenial
[   10.497431] cloud-init[961]: The key's randomart image is:
[   10.499997] cloud-init[961]: +---[DSA 1024]----+
[   10.502280] cloud-init[961]: |    .       E    |
[   10.504167]          Starting Pollinate to seed the pseudo random number generator...
[[0;32m  OK  [0m] Started Deferred execution scheduler.
         Starting LXD - container startup/shutdown...
cloud-init[961]: [[0;32m  OK  [0m] Started Regular background program processing daemon.
         Starting /etc/rc.local Compatibility...
|   . o .     o   |
[[0;32m  OK  [0m] Started ACPI event daemon.
[   10.531128] cloud-init[961]: | .  + O       .  |
[   10.533165] cloud-init[961]: |  o..B +     .   |
         [   10.535551] cloud-init[961]: | ..= .+ S  . ..  |
Starting System Logging Service...
[   10.535834] cloud-init[961]: | .= .  ..  .+..o |
[   10.540223] cloud-init[961]: |  .. o . ...o+o..|
         Starting Virtualbox guest utils...[   10.543016] cloud-init[961]: |= ..o .   ..oo ..|
[   10.543371] cloud-init[961]: |BOo.**       .+  |
[   10.543943] cloud-init[961]: +----[SHA256]-----+

[   10.544128] cloud-init[961]: Generating public/private ecdsa key pair.
         Starting LSB: MD monitoring daemon...
[   10.549452] cloud-init[961]: Your identification has been saved in /etc/ssh/ssh_host_ecdsa_key.
         Starting Snap Daemon...
[[0;32m  OK  [0m] Started iSCSI initiator daemon (iscsid).
[   10.561897] [[0;32m  OK  [0m] Started /etc/rc.local Compatibility.
cloud-init[961]: Your public key has been saved in /etc/ssh/ssh_host_ecdsa_key.pub.
[   10.575025] cloud-init[961]: The key fingerprint is:
[   10.582329] cloud-init[961]: SHA256:3ZoMWiTO+HBoPBLGERVDgPCZX+HySOErwMS87xRxHYg root@ubuntu-xenial
[   10.584605] cloud-init[961]: The key's randomart image is:
[   10.585484] cloud-init[961]: +---[ECDSA 256]---+
[   10.588922] cloud-init[961]: |=o+=B.+..        |
[   10.596469] cloud-init         Starting Authenticate and Authorize Users to Run Privileged Tasks...
         Starting Login to default iSCSI targets...
[[0;32m  OK  [0m] Started System Logging Service.
[[0;32m  OK  [0m] Started Login Service.
[[0;32m  OK  [0m] Started Unattended Upgrades Shutdown.
[961]: |+= E * o         |
[   10.630975] [[0;32m  OK  [0m] Started LSB: Record successful boot for GRUB.
cloud-init[961]: |..O * + .        |
[[0;32m  OK  [0m] Started Login to default iSCSI targets.
[   10.638545] cloud-init[961]: | + * @ o . .     |
[   10.644617] cloud-init[961]: |  + % = S . .    |
[   10.647796] cloud-init[961]: |   * = o o o     |
[   10.648923] cloud-init[961]: |  o   o   +      |
[   10.649021] cloud-init[961]: |   .             |
[   10.649273] cloud-init[961]: |                 |
[   10.649555] cloud-init[961]: +----[SHA256]-----+
[   10.649844] cloud-init[961]: Generating public/private ed25519 key pair.
[   10.650416] cloud-init[961]: Your identification has been saved in /etc/ssh/ssh_host_ed25519_key.
[   10.650774] cloud-init[961]: Your public key has been saved in /etc/ssh/ssh_host_ed25519_key.pub.
[   10.651305] cloud-init[961]: The key fingerprint is:
[[0;32m  OK  [0m] Reached target Remote File Systems (Pre).
[[0;32m  OK  [0m] Reached target Remote File Systems.
         Starting LSB: Set the CPU Frequency Scaling governor to "ondemand"...
         Starting Permit User Sessions...
         Starting LSB: daemon to balance interrupts for SMP systems...
         Starting LSB: automatic crash report generation...
[[0;32m  OK  [0m] Started Permit User Sessions.
         Starting Hold until boot process finishes up...
         Starting Terminate Plymouth Boot Screen...
[[0;32m  OK  [0m] Started Hold until boot process finishes up.
[[0;32m  OK  [0m] Started Getty on tty1.
[[0;32m  OK  [0m] Started Serial Getty on ttyS0.
[[0;32m  OK  [0m] Reached target Login Prompts.
         Starting Set console scheme...
[   10.652497] cloud-init[961]: SHA256:/xMtQTUU3njCZqwpoajBRJuANThTJPV2uRvfaYV02IY root@ubuntu-xenial
[   10.670099] cloud-init[961]: The key's randomart image is:
[   10.671867] cloud-init[961]: +--[ED25519 256]--+
[   10.684999] cloud-init[961]: |.BB .        o=. |
[   10.685097] cloud-init[961]: |=. = o .   +.+ + |
[   10.685697] cloud-init[961]: | o  * o   E.+ O o|
[   10.685725] cloud-init[961]: |   + . o o =.= o |
[   10.685927] cloud-init[961]: |    o + S o +o   |
[   10.686368] cloud-init[961]: |     o + o +o .  |
[   10.686578] cloud-init[961]: |    . . . =  o   |
[   10.686796] cloud-init[961]: |         . ..    |
[   10.687013] cloud-init[961]: |            ..   |
[   10.687169] cloud-init[961]: +----[SHA256]-----+
[[0;32m  OK  [0m] Started Terminate Plymouth Boot Screen.
[[0;32m  OK  [0m] Started LSB: MD monitoring daemon.
[[0;32m  OK  [0m] Started Set console scheme.
[[0;32m  OK  [0m] Started Authenticate and Authorize Users to Run Privileged Tasks.
[[0;32m  OK  [0m] Started Accounts Service.
[[0;32m  OK  [0m] Started LSB: Set the CPU Frequency Scaling governor to "ondemand".
[[0;32m  OK  [0m] Started LSB: daemon to balance interrupts for SMP systems.
[[0;32m  OK  [0m] Started LSB: automatic crash report generation.
[[0;32m  OK  [0m] Started LXD - container startup/shutdown.
[[0;32m  OK  [0m] Started Virtualbox guest utils.
[[0;32m  OK  [0m] Started Snap Daemon.
         Starting Wait until snapd is fully seeded...
[[0;32m  OK  [0m] Started Pollinate to seed the pseudo random number generator.
         Starting OpenBSD Secure Shell server...
[[0;32m  OK  [0m] Started OpenBSD Secure Shell server.
[[0;32m  OK  [0m] Started Wait until snapd is fully seeded.
         Starting Apply the settings specified in cloud-config...
[[0;32m  OK  [0m] Reached target Multi-User System.
[[0;32m  OK  [0m] Reached target Graphical Interface.
         Starting Update UTMP about System Runlevel Changes...
[[0;32m  OK  [0m] Started Update UTMP about System Runlevel Changes.
[[0;32m  OK  [0m] Created slice User Slice of vagrant.
         Starting User Manager for UID 1000...
[[0;32m  OK  [0m] Started Session 1 of user vagrant.
[[0;32m  OK  [0m] Started User Manager for UID 1000.
[   12.374905] cloud-init[1316]: Generating locales (this might take a while)...
[   13.321324] cloud-init[1316]:   en_US.UTF-8... done
[   13.322960] cloud-init[1316]: Generation complete.
[   13.724196] cloud-init[1316]: Cloud-init v. 20.2-45-g5f7825e2-0ubuntu1~16.04.1 running 'modules:config' at Wed, 29 Jul 2020 09:19:17 +0000. Up 12.25 seconds.
[[0;32m  OK  [0m] Started Apply the settings specified in cloud-config.
         Starting Execute cloud user/final scripts...
ci-info: no authorized SSH keys fingerprints found for user ubuntu.
<14>Jul 29 09:19:20 ec2: 
<14>Jul 29 09:19:20 ec2: #############################################################
<14>Jul 29 09:19:20 ec2: -----BEGIN SSH HOST KEY FINGERPRINTS-----
<14>Jul 29 09:19:20 ec2: 1024 SHA256:ArQ3vJFmDuq/u6vivriyXCRn8O3m1RfnZn247IDXQTA root@ubuntu-xenial (DSA)
<14>Jul 29 09:19:20 ec2: 256 SHA256:3ZoMWiTO+HBoPBLGERVDgPCZX+HySOErwMS87xRxHYg root@ubuntu-xenial (ECDSA)
<14>Jul 29 09:19:20 ec2: 256 SHA256:/xMtQTUU3njCZqwpoajBRJuANThTJPV2uRvfaYV02IY root@ubuntu-xenial (ED25519)
<14>Jul 29 09:19:20 ec2: 2048 SHA256:P2/qzuM+rJCBWdIYCR82E07+lqlC5edHz4RhLEoSWN4 root@ubuntu-xenial (RSA)
<14>Jul 29 09:19:20 ec2: -----END SSH HOST KEY FINGERPRINTS-----
<14>Jul 29 09:19:20 ec2: #############################################################
-----BEGIN SSH HOST KEY KEYS-----
ecdsa-sha2-nistp256 AAAAE2VjZHNhLXNoYTItbmlzdHAyNTYAAAAIbmlzdHAyNTYAAABBBNn8K23FltKSB/vWsYr7Oi5snk/0luDSFyk5NxImYhDDc6xOMCGFRWDjof0I45cRxMg1O4aOZQRLijaGgjvgc7M= root@ubuntu-xenial
ssh-ed25519 AAAAC3NzaC1lZDI1NTE5AAAAICXdAJZJxs1Y4lpz/DsUpi+F2240IpCFyrPwbUuaRglr root@ubuntu-xenial
ssh-rsa AAAAB3NzaC1yc2EAAAADAQABAAABAQDsqiBk901o1iSj0KIHf0MruT/HI1omR8mNOBAeA0eeUKCz83naLytXsNIdrG1IyRAiXWSke1TCLZwL/GXctomDe2uTmX4NCZ5dM8p4EPCnai56IOyua+lxUM84rpM8DtzGmMAncyS2fxMOnIy8LB4/uHmkXj/HyLGXt19FRRD50THRPyMPtuPDobt9T2zxUSHW/cQt0FQjVB6TqwtC6imxS+aPLkbHSfOOlYgxMTHysMZxdvwrMy14PsdzowAY8TnrIJ0iAy1K8NUVIvqbMGBEYmXY2IN8LkT3+XxzEwfq2QY1C43bLdp1cxMhzRLKuovFlbyQD7NSHbpUCHGjMXgD root@ubuntu-xenial
-----END SSH HOST KEY KEYS-----
[   14.357636] cloud-init[1499]: Cloud-init v. 20.2-45-g5f7825e2-0ubuntu1~16.04.1 running 'modules:final' at Wed, 29 Jul 2020 09:19:19 +0000. Up 14.16 seconds.
[   14.368574] cloud-init[1499]: ci-info: no authorized SSH keys fingerprints found for user ubuntu.
[   14.370497] cloud-init[1499]: Cloud-init v. 20.2-45-g5f7825e2-0ubuntu1~16.04.1 finished at Wed, 29 Jul 2020 09:19:20 +0000. Datasource DataSourceNoCloud [seed=/dev/sdb][dsmode=net].  Up 14.34 seconds
[[0;32m  OK  [0m] Started Execute cloud user/final scripts.
[[0;32m  OK  [0m] Reached target Cloud-init target.

Ubuntu 16.04.6 LTS ubuntu-xenial ttyS0

ubuntu-xenial login: 