[    0.000000] Initializing cgroup subsys cpuset
[    0.000000] Initializing cgroup subsys cpu
[    0.000000] Initializing cgroup subsys cpuacct
[    0.000000] Linux version 4.4.0-186-generic (buildd@lcy01-amd64-002) (gcc version 5.4.0 20160609 (Ubuntu 5.4.0-6ubuntu1~16.04.12) ) #216-Ubuntu SMP Wed Jul 1 05:34:05 UTC 2020 (Ubuntu 4.4.0-186.216-generic 4.4.228)
[    0.000000] Command line: BOOT_IMAGE=/boot/vmlinuz-4.4.0-186-generic root=LABEL=cloudimg-rootfs ro console=tty1 console=ttyS0
[    0.000000] KERNEL supported cpus:
[    0.000000]   Intel GenuineIntel
[    0.000000]   AMD AuthenticAMD
[    0.000000]   Centaur CentaurHauls
[    0.000000] [Firmware Bug]: TSC doesn't count with P0 frequency!
[    0.000000] x86/fpu: xstate_offset[2]:  576, xstate_sizes[2]:  256
[    0.000000] x86/fpu: Supporting XSAVE feature 0x01: 'x87 floating point registers'
[    0.000000] x86/fpu: Supporting XSAVE feature 0x02: 'SSE registers'
[    0.000000] x86/fpu: Supporting XSAVE feature 0x04: 'AVX registers'
[    0.000000] x86/fpu: Enabled xstate features 0x7, context size is 832 bytes, using 'standard' format.
[    0.000000] e820: BIOS-provided physical RAM map:
[    0.000000] BIOS-e820: [mem 0x0000000000000000-0x000000000009fbff] usable
[    0.000000] BIOS-e820: [mem 0x000000000009fc00-0x000000000009ffff] reserved
[    0.000000] BIOS-e820: [mem 0x00000000000f0000-0x00000000000fffff] reserved
[    0.000000] BIOS-e820: [mem 0x0000000000100000-0x000000003ffeffff] usable
[    0.000000] BIOS-e820: [mem 0x000000003fff0000-0x000000003fffffff] ACPI data
[    0.000000] BIOS-e820: [mem 0x00000000fec00000-0x00000000fec00fff] reserved
[    0.000000] BIOS-e820: [mem 0x00000000fee00000-0x00000000fee00fff] reserved
[    0.000000] BIOS-e820: [mem 0x00000000fffc0000-0x00000000ffffffff] reserved
[    0.000000] NX (Execute Disable) protection: active
[    0.000000] SMBIOS 2.5 present.
[    0.000000] Hypervisor detected: KVM
[    0.000000] Kernel/User page tables isolation: disabled
[    0.000000] e820: last_pfn = 0x3fff0 max_arch_pfn = 0x400000000
[    0.000000] MTRR: Disabled
[    0.000000] x86/PAT: MTRRs disabled, skipping PAT initialization too.
[    0.000000] CPU MTRRs all blank - virtualized system.
[    0.000000] x86/PAT: Configuration [0-7]: WB  WT  UC- UC  WB  WT  UC- UC  
[    0.000000] found SMP MP-table at [mem 0x0009fff0-0x0009ffff] mapped at [ffff88000009fff0]
[    0.000000] Scanning 1 areas for low memory corruption
[    0.000000] RAMDISK: [mem 0x362e0000-0x37167fff]
[    0.000000] ACPI: Early table checksum verification disabled
[    0.000000] ACPI: RSDP 0x00000000000E0000 000024 (v02 VBOX  )
[    0.000000] ACPI: XSDT 0x000000003FFF0030 00003C (v01 VBOX   VBOXXSDT 00000001 ASL  00000061)
[    0.000000] ACPI: FACP 0x000000003FFF00F0 0000F4 (v04 VBOX   VBOXFACP 00000001 ASL  00000061)
[    0.000000] ACPI: DSDT 0x000000003FFF0470 002325 (v02 VBOX   VBOXBIOS 00000002 INTL 20100528)
[    0.000000] ACPI: FACS 0x000000003FFF0200 000040
[    0.000000] ACPI: FACS 0x000000003FFF0200 000040
[    0.000000] ACPI: APIC 0x000000003FFF0240 00005C (v02 VBOX   VBOXAPIC 00000001 ASL  00000061)
[    0.000000] ACPI: SSDT 0x000000003FFF02A0 0001CC (v01 VBOX   VBOXCPUT 00000002 INTL 20100528)
[    0.000000] No NUMA configuration found
[    0.000000] Faking a node at [mem 0x0000000000000000-0x000000003ffeffff]
[    0.000000] NODE_DATA(0) allocated [mem 0x3ffeb000-0x3ffeffff]
[    0.000000] kvm-clock: Using msrs 4b564d01 and 4b564d00
[    0.000000] kvm-clock: cpu 0, msr 0:3ffe3001, primary cpu clock
[    0.000000] kvm-clock: using sched offset of 3820859037 cycles
[    0.000000] clocksource: kvm-clock: mask: 0xffffffffffffffff max_cycles: 0x1cd42e4dffb, max_idle_ns: 881590591483 ns
[    0.000000] Zone ranges:
[    0.000000]   DMA      [mem 0x0000000000001000-0x0000000000ffffff]
[    0.000000]   DMA32    [mem 0x0000000001000000-0x000000003ffeffff]
[    0.000000]   Normal   empty
[    0.000000]   Device   empty
[    0.000000] Movable zone start for each node
[    0.000000] Early memory node ranges
[    0.000000]   node   0: [mem 0x0000000000001000-0x000000000009efff]
[    0.000000]   node   0: [mem 0x0000000000100000-0x000000003ffeffff]
[    0.000000] Initmem setup node 0 [mem 0x0000000000001000-0x000000003ffeffff]
[    0.000000] ACPI: PM-Timer IO Port: 0x4008
[    0.000000] IOAPIC[0]: apic_id 2, version 32, address 0xfec00000, GSI 0-23
[    0.000000] ACPI: INT_SRC_OVR (bus 0 bus_irq 0 global_irq 2 dfl dfl)
[    0.000000] ACPI: INT_SRC_OVR (bus 0 bus_irq 9 global_irq 9 low level)
[    0.000000] Using ACPI (MADT) for SMP configuration information
[    0.000000] smpboot: Allowing 2 CPUs, 0 hotplug CPUs
[    0.000000] PM: Registered nosave memory: [mem 0x00000000-0x00000fff]
[    0.000000] PM: Registered nosave memory: [mem 0x0009f000-0x0009ffff]
[    0.000000] PM: Registered nosave memory: [mem 0x000a0000-0x000effff]
[    0.000000] PM: Registered nosave memory: [mem 0x000f0000-0x000fffff]
[    0.000000] e820: [mem 0x40000000-0xfebfffff] available for PCI devices
[    0.000000] Booting paravirtualized kernel on KVM
[    0.000000] clocksource: refined-jiffies: mask: 0xffffffff max_cycles: 0xffffffff, max_idle_ns: 7645519600211568 ns
[    0.000000] setup_percpu: NR_CPUS:512 nr_cpumask_bits:512 nr_cpu_ids:2 nr_node_ids:1
[    0.000000] PERCPU: Embedded 33 pages/cpu @ffff88003fc00000 s95512 r8192 d31464 u1048576
[    0.000000] Built 1 zonelists in Node order, mobility grouping on.  Total pages: 257912
[    0.000000] Policy zone: DMA32
[    0.000000] Kernel command line: BOOT_IMAGE=/boot/vmlinuz-4.4.0-186-generic root=LABEL=cloudimg-rootfs ro console=tty1 console=ttyS0
[    0.000000] PID hash table entries: 4096 (order: 3, 32768 bytes)
[    0.000000] Memory: 997664K/1048120K available (8636K kernel code, 1337K rwdata, 4040K rodata, 1492K init, 1296K bss, 50456K reserved, 0K cma-reserved)
[    0.000000] SLUB: HWalign=64, Order=0-3, MinObjects=0, CPUs=2, Nodes=1
[    0.000000] Hierarchical RCU implementation.
[    0.000000] 	Build-time adjustment of leaf fanout to 64.
[    0.000000] 	RCU restricting CPUs from NR_CPUS=512 to nr_cpu_ids=2.
[    0.000000] RCU: Adjusting geometry for rcu_fanout_leaf=64, nr_cpu_ids=2
[    0.000000] NR_IRQS:33024 nr_irqs:440 16
[    0.000000] Console: colour VGA+ 80x25
[    0.000000] console [tty1] enabled
[    0.000000] console [ttyS0] enabled
[    0.000000] tsc: Detected 2994.376 MHz processor
[    0.207426] Calibrating delay loop (skipped) preset value.. 5988.75 BogoMIPS (lpj=11977504)
[    0.210085] pid_max: default: 32768 minimum: 301
[    0.211518] ACPI: Core revision 20150930
[    0.213842] ACPI: 2 ACPI AML tables successfully acquired and loaded
[    0.215936] Security Framework initialized
[    0.217053] Yama: becoming mindful.
[    0.218102] AppArmor: AppArmor initialized
[    0.219370] Dentry cache hash table entries: 131072 (order: 8, 1048576 bytes)
[    0.221312] Inode-cache hash table entries: 65536 (order: 7, 524288 bytes)
[    0.224835] Mount-cache hash table entries: 2048 (order: 2, 16384 bytes)
[    0.226679] Mountpoint-cache hash table entries: 2048 (order: 2, 16384 bytes)
[    0.228706] Initializing cgroup subsys io
[    0.229962] Initializing cgroup subsys memory
[    0.231445] Initializing cgroup subsys devices
[    0.232707] Initializing cgroup subsys freezer
[    0.233957] Initializing cgroup subsys net_cls
[    0.235131] Initializing cgroup subsys perf_event
[    0.236349] Initializing cgroup subsys net_prio
[    0.237591] Initializing cgroup subsys hugetlb
[    0.238898] Initializing cgroup subsys pids
[    0.247739] mce: CPU supports 0 MCE banks
[    0.248945] Last level iTLB entries: 4KB 1024, 2MB 1024, 4MB 512
[    0.250692] Last level dTLB entries: 4KB 2048, 2MB 2048, 4MB 1024, 1GB 0
[    0.252423] Spectre V1 : Mitigation: usercopy/swapgs barriers and __user pointer sanitization
[    0.255212] Spectre V2 : Spectre mitigation: LFENCE not serializing, switching to generic retpoline
[    0.259029] Spectre V2 : Mitigation: Full generic retpoline
[    0.261738] Spectre V2 : Spectre v2 / SpectreRSB mitigation: Filling RSB on context switch
[    0.265968] Speculative Store Bypass: Mitigation: Speculative Store Bypass disabled via prctl and seccomp
[    0.278375] Freeing SMP alternatives memory: 36K
[    0.288687] ftrace: allocating 32334 entries in 127 pages
[    0.381088] smpboot: APIC(0) Converting physical 0 to logical package 0
[    0.382928] smpboot: Max logical packages: 1
[    0.384449] x2apic enabled
[    0.385736] Switched APIC routing to physical x2apic.
[    0.388711] ..TIMER: vector=0x30 apic1=0 pin1=2 apic2=-1 pin2=-1
[    0.498712] APIC calibration not consistent with PM-Timer: 112ms instead of 100ms
[    0.501068] APIC delta adjusted to PM-Timer: 6425143 (7205809)
[    0.502606] smpboot: CPU0: AMD Ryzen 5 4600H with Radeon Graphics (family: 0x17, model: 0x60, stepping: 0x1)
[    0.506086] Performance Events: Broken PMU hardware detected, using software events only.
[    0.508502] Failed to access perfctr msr (MSR c0010007 is 0)
[    0.519741] KVM setup paravirtual spinlock
[    0.522137] x86: Booting SMP configuration:
[    0.523709] .... node  #0, CPUs:      #1
[    0.525416] kvm-clock: cpu 1, msr 0:3ffe3041, secondary cpu clock
[    0.535298] mce: CPU supports 0 MCE banks
[    0.538289] x86: Booted up 1 node, 2 CPUs
[    0.539777] smpboot: Total of 2 processors activated (11977.50 BogoMIPS)
[    0.543430] devtmpfs: initialized
[    0.547192] evm: security.selinux
[    0.548489] evm: security.SMACK64
[    0.549559] evm: security.SMACK64EXEC
[    0.550938] evm: security.SMACK64TRANSMUTE
[    0.552074] evm: security.SMACK64MMAP
[    0.553147] evm: security.ima
[    0.554094] evm: security.capability
[    0.556637] clocksource: jiffies: mask: 0xffffffff max_cycles: 0xffffffff, max_idle_ns: 7645041785100000 ns
[    0.562205] futex hash table entries: 512 (order: 3, 32768 bytes)
[    0.564052] pinctrl core: initialized pinctrl subsystem
[    0.565678] RTC time: 19:59:48, date: 07/28/20
[    0.567344] NET: Registered protocol family 16
[    0.580582] cpuidle: using governor ladder
[    0.592104] cpuidle: using governor menu
[    0.593493] PCCT header not found.
[    0.595099] ACPI: bus type PCI registered
[    0.596287] acpiphp: ACPI Hot Plug PCI Controller Driver version: 0.5
[    0.598463] PCI: Using configuration type 1 for base access
[    0.600030] PCI: Using configuration type 1 for extended access
[    0.612745] ACPI: Added _OSI(Module Device)
[    0.613970] ACPI: Added _OSI(Processor Device)
[    0.615574] ACPI: Added _OSI(3.0 _SCP Extensions)
[    0.617002] ACPI: Added _OSI(Processor Aggregator Device)
[    0.619102] ACPI: Executed 1 blocks of module-level executable AML code
[    0.623421] ACPI: Interpreter enabled
[    0.624863] ACPI: (supports S0 S5)
[    0.626007] ACPI: Using IOAPIC for interrupt routing
[    0.627691] PCI: Using host bridge windows from ACPI; if necessary, use "pci=nocrs" and report a bug
[    0.634465] ACPI: PCI Root Bridge [PCI0] (domain 0000 [bus 00-ff])
[    0.636144] acpi PNP0A03:00: _OSC: OS supports [ExtendedConfig ASPM ClockPM Segments MSI]
[    0.639088] acpi PNP0A03:00: _OSC: platform does not support [PCIeCapability]
[    0.641466] acpi PNP0A03:00: _OSC: not requesting control; platform does not support [PCIeCapability]
[    0.644070] acpi PNP0A03:00: _OSC: OS requested [PCIeHotplug PME AER PCIeCapability]
[    0.646346] acpi PNP0A03:00: _OSC: platform willing to grant [PCIeHotplug PME AER]
[    0.664920] acpi PNP0A03:00: _OSC failed (AE_SUPPORT); disabling ASPM
[    0.667130] PCI host bridge to bus 0000:00
[    0.668284] pci_bus 0000:00: root bus resource [io  0x0000-0x0cf7 window]
[    0.670081] pci_bus 0000:00: root bus resource [io  0x0d00-0xffff window]
[    0.672276] pci_bus 0000:00: root bus resource [mem 0x000a0000-0x000bffff window]
[    0.674946] pci_bus 0000:00: root bus resource [mem 0x40000000-0xfdffffff window]
[    0.677265] pci_bus 0000:00: root bus resource [bus 00-ff]
[    0.681574] pci 0000:00:01.1: legacy IDE quirk: reg 0x10: [io  0x01f0-0x01f7]
[    0.683340] pci 0000:00:01.1: legacy IDE quirk: reg 0x14: [io  0x03f6]
[    0.684982] pci 0000:00:01.1: legacy IDE quirk: reg 0x18: [io  0x0170-0x0177]
[    0.686882] pci 0000:00:01.1: legacy IDE quirk: reg 0x1c: [io  0x0376]
[    0.713278] pci 0000:00:07.0: quirk: [io  0x4000-0x403f] claimed by PIIX4 ACPI
[    0.716951] pci 0000:00:07.0: quirk: [io  0x4100-0x410f] claimed by PIIX4 SMB
[    0.736455] ACPI: PCI Interrupt Link [LNKA] (IRQs 5 9 10 *11)
[    0.739023] ACPI: PCI Interrupt Link [LNKB] (IRQs 5 9 *10 11)
[    0.741583] ACPI: PCI Interrupt Link [LNKC] (IRQs 5 *9 10 11)
[    0.743874] ACPI: PCI Interrupt Link [LNKD] (IRQs 5 9 10 *11)
[    0.746354] ACPI: Enabled 2 GPEs in block 00 to 07
[    0.748341] vgaarb: setting as boot device: PCI:0000:00:02.0
[    0.749944] vgaarb: device added: PCI:0000:00:02.0,decodes=io+mem,owns=io+mem,locks=none
[    0.752241] vgaarb: loaded
[    0.753530] vgaarb: bridge control possible 0000:00:02.0
[    0.756431] SCSI subsystem initialized
[    0.759095] ACPI: bus type USB registered
[    0.761286] usbcore: registered new interface driver usbfs
[    0.763925] usbcore: registered new interface driver hub
[    0.765476] usbcore: registered new device driver usb
[    0.767562] PCI: Using ACPI for IRQ routing
[    0.770280] NetLabel: Initializing
[    0.772064] NetLabel:  domain hash size = 128
[    0.774279] NetLabel:  protocols = UNLABELED CIPSOv4
[    0.776832] NetLabel:  unlabeled traffic allowed by default
[    0.779907] amd_nb: Cannot enumerate AMD northbridges
[    0.782471] clocksource: Switched to clocksource kvm-clock
[    0.798248] AppArmor: AppArmor Filesystem Enabled
[    0.800714] pnp: PnP ACPI init
[    0.804076] pnp: PnP ACPI: found 3 devices
[    0.821949] clocksource: acpi_pm: mask: 0xffffff max_cycles: 0xffffff, max_idle_ns: 2085701024 ns
[    0.826161] NET: Registered protocol family 2
[    0.828931] TCP established hash table entries: 8192 (order: 4, 65536 bytes)
[    0.832097] TCP bind hash table entries: 8192 (order: 5, 131072 bytes)
[    0.834898] TCP: Hash tables configured (established 8192 bind 8192)
[    0.837713] UDP hash table entries: 512 (order: 2, 16384 bytes)
[    0.840607] UDP-Lite hash table entries: 512 (order: 2, 16384 bytes)
[    0.844285] NET: Registered protocol family 1
[    0.845714] pci 0000:00:00.0: Limiting direct PCI/PCI transfers
[    0.847352] pci 0000:00:01.0: Activating ISA DMA hang workarounds
[    0.849193] Unpacking initramfs...
[    1.184778] Freeing initrd memory: 14880K
[    1.186124] clocksource: tsc: mask: 0xffffffffffffffff max_cycles: 0x2b2984d0609, max_idle_ns: 440795359805 ns
[    1.188815] platform rtc_cmos: registered platform RTC device (no PNP device found)
[    1.191305] Scanning for low memory corruption every 60 seconds
[    1.193724] audit: initializing netlink subsys (disabled)
[    1.196674] audit: type=2000 audit(1595966394.301:1): initialized
[    1.200171] Initialise system trusted keyring
[    1.202752] HugeTLB registered 2 MB page size, pre-allocated 0 pages
[    1.205537] zbud: loaded
[    1.207368] VFS: Disk quotas dquot_6.6.0
[    1.209454] VFS: Dquot-cache hash table entries: 512 (order 0, 4096 bytes)
[    1.212982] squashfs: version 4.0 (2009/01/31) Phillip Lougher
[    1.217820] fuse init (API version 7.23)
[    1.220253] Key type big_key registered
[    1.222224] Allocating IMA MOK and blacklist keyrings.
[    1.227377] Key type asymmetric registered
[    1.229352] Asymmetric key parser 'x509' registered
[    1.232144] Block layer SCSI generic (bsg) driver version 0.4 loaded (major 249)
[    1.235671] io scheduler noop registered
[    1.237747] io scheduler deadline registered (default)
[    1.240349] io scheduler cfq registered
[    1.241790] pci_hotplug: PCI Hot Plug PCI Core version: 0.5
[    1.243396] pciehp: PCI Express Hot Plug Controller Driver version: 0.4
[    1.245253] ACPI: AC Adapter [AC] (off-line)
[    1.246465] input: Power Button as /devices/LNXSYSTM:00/LNXPWRBN:00/input/input0
[    1.248544] ACPI: Power Button [PWRF]
[    1.249752] input: Sleep Button as /devices/LNXSYSTM:00/LNXSLPBN:00/input/input1
[    1.251815] ACPI: Sleep Button [SLPF]
[    1.253233] GHES: HEST is not enabled!
[    1.254016] ACPI: Battery Slot [BAT0] (battery present)
[    1.258488] Serial: 8250/16550 driver, 32 ports, IRQ sharing enabled
[    1.282016] 00:02: ttyS0 at I/O 0x3f8 (irq = 4, base_baud = 115200) is a 16550A
[    1.291304] Linux agpgart interface v0.103
[    1.298289] loop: module loaded
[    1.301457] scsi host0: ata_piix
[    1.303246] scsi host1: ata_piix
[    1.304868] ata1: PATA max UDMA/33 cmd 0x1f0 ctl 0x3f6 bmdma 0xd000 irq 14
[    1.307279] ata2: PATA max UDMA/33 cmd 0x170 ctl 0x376 bmdma 0xd008 irq 15
[    1.309652] libphy: Fixed MDIO Bus: probed
[    1.312180] tun: Universal TUN/TAP device driver, 1.6
[    1.313929] tun: (C) 1999-2004 Max Krasnyansky <maxk@qualcomm.com>
[    1.316086] PPP generic driver version 2.4.2
[    1.317905] ehci_hcd: USB 2.0 'Enhanced' Host Controller (EHCI) Driver
[    1.319992] ehci-pci: EHCI PCI platform driver
[    1.322517] ehci-platform: EHCI generic platform driver
[    1.325470] ohci_hcd: USB 1.1 'Open' Host Controller (OHCI) Driver
[    1.331718] ohci-pci: OHCI PCI platform driver
[    1.339668] ohci-platform: OHCI generic platform driver
[    1.342197] uhci_hcd: USB Universal Host Controller Interface driver
[    1.344124] i8042: PNP: PS/2 Controller [PNP0303:PS2K,PNP0f03:PS2M] at 0x60,0x64 irq 1,12
[    1.347151] serio: i8042 KBD port at 0x60,0x64 irq 1
[    1.348529] serio: i8042 AUX port at 0x60,0x64 irq 12
[    1.350299] mousedev: PS/2 mouse device common for all mice
[    1.352950] rtc_cmos rtc_cmos: rtc core: registered rtc_cmos as rtc0
[    1.354893] input: AT Translated Set 2 keyboard as /devices/platform/i8042/serio0/input/input2
[    1.357481] rtc_cmos rtc_cmos: alarms up to one day, 114 bytes nvram
[    1.359303] i2c /dev entries driver
[    1.360517] device-mapper: uevent: version 1.0.3
[    1.362080] device-mapper: ioctl: 4.34.0-ioctl (2015-10-28) initialised: dm-devel@redhat.com
[    1.364512] ledtrig-cpu: registered to indicate activity on CPUs
[    1.367189] NET: Registered protocol family 10
[    1.368912] NET: Registered protocol family 17
[    1.370270] Key type dns_resolver registered
[    1.372699] registered taskstats version 1
[    1.374051] Loading compiled-in X.509 certificates
[    1.376214] Loaded X.509 cert 'Build time autogenerated kernel key: cef5e81496c0efa51b848ab539e845ddf31c08be'
[    1.378916] zswap: loaded using pool lzo/zbud
[    1.383283] Key type trusted registered
[    1.392645] Key type encrypted registered
[    1.393896] AppArmor: AppArmor sha1 policy hashing enabled
[    1.395573] ima: No TPM chip found, activating TPM-bypass!
[    1.397025] ima: Allocated hash algorithm: sha1
[    1.398292] evm: HMAC attrs: 0x1
[    1.399930]   Magic number: 12:569:1002
[    1.401198] rtc_cmos rtc_cmos: setting system clock to 2020-07-28 19:59:49 UTC (1595966389)
[    1.403890] BIOS EDD facility v0.16 2004-Jun-25, 0 devices found
[    1.405592] EDD information not available.
[    2.204014] Freeing unused kernel memory: 1492K
[    2.218617] Write protecting the kernel read-only data: 14336k
[    2.222877] Freeing unused kernel memory: 1592K
[    2.226751] Freeing unused kernel memory: 56K
Loading, please wait...
starting version 229
[    2.266461] random: systemd-udevd: uninitialized urandom read (16 bytes read, 3 bits of entropy available)
[    2.268011] random: udevadm: uninitialized urandom read (16 bytes read, 3 bits of entropy available)
[    2.268090] random: udevadm: uninitialized urandom read (16 bytes read, 3 bits of entropy available)
[    2.280806] random: systemd-udevd: uninitialized urandom read (16 bytes read, 3 bits of entropy available)
[    2.285495] random: systemd-udevd: uninitialized urandom read (16 bytes read, 3 bits of entropy available)
[    2.288772] random: udevadm: uninitialized urandom read (16 bytes read, 3 bits of entropy available)
[    2.289072] random: udevadm: uninitialized urandom read (16 bytes read, 3 bits of entropy available)
[    2.289426] random: udevadm: uninitialized urandom read (16 bytes read, 3 bits of entropy available)
[    2.289575] random: udevadm: uninitialized urandom read (16 bytes read, 3 bits of entropy available)
[    2.289808] random: udevadm: uninitialized urandom read (16 bytes read, 3 bits of entropy available)
[    2.388007] e1000: Intel(R) PRO/1000 Network Driver - version 7.3.21-k8-NAPI
[    2.389779] e1000: Copyright (c) 1999-2006 Intel Corporation.
[    2.394956] Fusion MPT base driver 3.04.20
[    2.396391] Copyright (c) 1999-2008 LSI Corporation
[    2.402664] Fusion MPT SPI Host driver 3.04.20
[    2.476869] AVX2 version of gcm_enc/dec engaged.
[    2.478583] AES CTR mode by8 optimization enabled
[    3.091829] input: ImExPS/2 Generic Explorer Mouse as /devices/platform/i8042/serio1/input/input4
[    3.099205] e1000 0000:00:03.0 eth0: (PCI:33MHz:32-bit) 02:e5:f9:b1:f5:c2
[    3.102161] e1000 0000:00:03.0 eth0: Intel(R) PRO/1000 Network Connection
[    3.106266] mptbase: ioc0: Initiating bringup
[    3.205261] ioc0: LSI53C1030 A0: Capabilities={Initiator}
[    4.744515] scsi host2: ioc0: LSI53C1030 A0, FwRev=00000000h, Ports=1, MaxQ=256, IRQ=20
[    4.876185] scsi 2:0:0:0: Direct-Access     VBOX     HARDDISK         1.0  PQ: 0 ANSI: 5
[    4.881081] scsi target2:0:0: Beginning Domain Validation
[    4.887150] scsi target2:0:0: Domain Validation skipping write tests
[    4.890053] scsi target2:0:0: Ending Domain Validation
[    4.893171] scsi target2:0:0: asynchronous
[    4.896831] scsi 2:0:1:0: Direct-Access     VBOX     HARDDISK         1.0  PQ: 0 ANSI: 5
[    4.901084] scsi target2:0:1: Beginning Domain Validation
[    4.906514] scsi target2:0:1: Domain Validation skipping write tests
[    4.908603] scsi target2:0:1: Ending Domain Validation
[    4.911671] scsi target2:0:1: asynchronous
[    4.940891] sd 2:0:0:0: Attached scsi generic sg0 type 0
[    4.944700] sd 2:0:0:0: [sda] 20971520 512-byte logical blocks: (10.7 GB/10.0 GiB)
[    4.949735] sd 2:0:0:0: [sda] Write Protect is off
[    4.952131] sd 2:0:1:0: [sdb] 20480 512-byte logical blocks: (10.5 MB/10.0 MiB)
[    4.957293] sd 2:0:1:0: Attached scsi generic sg1 type 0
[    4.960503] sd 2:0:1:0: [sdb] Write Protect is off
[    4.964046] sd 2:0:0:0: [sda] Incomplete mode parameter data
[    4.967787] sd 2:0:0:0: [sda] Assuming drive cache: write through
[    4.971473] sd 2:0:1:0: [sdb] Incomplete mode parameter data
[    4.974810] sd 2:0:1:0: [sdb] Assuming drive cache: write through
[    4.981114]  sda: sda1
[    4.985416] sd 2:0:1:0: [sdb] Attached SCSI disk
[    4.988215] sd 2:0:0:0: [sda] Attached SCSI disk
[    5.355328] e1000 0000:00:08.0 eth1: (PCI:33MHz:32-bit) 08:00:27:2f:38:d5
[    5.357147] e1000 0000:00:08.0 eth1: Intel(R) PRO/1000 Network Connection
[    5.360858] e1000 0000:00:03.0 enp0s3: renamed from eth0
[    5.370954] e1000 0000:00:08.0 enp0s8: renamed from eth1
Begin: Loading essential drivers ... [    7.122027] md: linear personality registered for level -1
[    7.128489] md: multipath personality registered for level -4
[    7.133155] md: raid0 personality registered for level 0
[    7.138969] md: raid1 personality registered for level 1
[    7.210523] raid6: sse2x1   gen()  4567 MB/s
[    7.278852] raid6: sse2x1   xor()  3815 MB/s
[    7.346485] raid6: sse2x2   gen()  9621 MB/s
[    7.414866] raid6: sse2x2   xor()  6468 MB/s
[    7.482571] raid6: sse2x4   gen() 10278 MB/s
[    7.550744] raid6: sse2x4   xor()  4297 MB/s
[    7.619105] raid6: avx2x1   gen()  7891 MB/s
[    7.686616] raid6: avx2x2   gen() 15409 MB/s
[    7.754991] raid6: avx2x4   gen() 20202 MB/s
[    7.756349] raid6: using algorithm avx2x4 gen() 20202 MB/s
[    7.757938] raid6: using avx2x2 recovery algorithm
[    7.761527] xor: automatically using best checksumming function:
[    7.802772]    avx       : 11237.000 MB/sec
[    7.805486] async_tx: api initialized (async)
[    7.819775] md: raid6 personality registered for level 6
[    7.821586] md: raid5 personality registered for level 5
[    7.823522] md: raid4 personality registered for level 4
[    7.835423] md: raid10 personality registered for level 10
done.
Begin: Running /scripts/init-premount ... done.
Begin: Mounting root file system ... Begin: Running /scripts/local-top ... done.
Begin: Running /scripts/local-premount ... [    7.902689] Btrfs loaded
Scanning for Btrfs filesystems
done.
Warning: fsck not present, so skipping root file system
[    7.956601] EXT4-fs (sda1): mounted filesystem with ordered data mode. Opts: (null)
done.
Begin: Running /scripts/local-bottom ... done.
Begin: Running /scripts/init-bottom ... done.
[    8.145341] systemd[1]: systemd 229 running in system mode. (+PAM +AUDIT +SELINUX +IMA +APPARMOR +SMACK +SYSVINIT +UTMP +LIBCRYPTSETUP +GCRYPT +GNUTLS +ACL +XZ -LZ4 +SECCOMP +BLKID +ELFUTILS +KMOD -IDN)
[    8.154708] systemd[1]: Detected virtualization oracle.
[    8.157484] systemd[1]: Detected architecture x86-64.

Welcome to [1mUbuntu 16.04.6 LTS[0m!

[    8.165223] systemd[1]: Set hostname to <ubuntu>.
[    8.170670] systemd[1]: Initializing machine ID from random generator.
[    8.174019] systemd[1]: Installed transient /etc/machine-id file.
[    8.429807] systemd[1]: Listening on LVM2 metadata daemon socket.
[[0;32m  OK  [0m] Listening on LVM2 metadata daemon socket.
[    8.434931] systemd[1]: Started Trigger resolvconf update for networkd DNS.
[[0;32m  OK  [0m] Started Trigger resolvconf update for networkd DNS.
[    8.440743] systemd[1]: Created slice System Slice.
[[0;32m  OK  [0m] Created slice System Slice.
[    8.450927] systemd[1]: Listening on LVM2 poll daemon socket.
[[0;32m  OK  [0m] Listening on LVM2 poll daemon socket.
[    8.454395] systemd[1]: Listening on Journal Audit Socket.
[[0;32m  OK  [0m] Listening on Journal Audit Socket.
[    8.463117] systemd[1]: Listening on Journal Socket (/dev/log).
[[0;32m  OK  [0m] Listening on Journal Socket (/dev/log).
[    8.468258] systemd[1]: Listening on Journal Socket.
[[0;32m  OK  [0m] Listening on Journal Socket.
[    8.472789] systemd[1]: Listening on udev Kernel Socket.
[[0;32m  OK  [0m] Listening on udev Kernel Socket.
[    8.477653] systemd[1]: Reached target User and Group Name Lookups.
[[0;32m  OK  [0m] Reached target User and Group Name Lookups.
[    8.482844] systemd[1]: Started Forward Password Requests to Wall Directory Watch.
[[0;32m  OK  [0m] Started Forward Password Requests to Wall Directory Watch.
[    8.506787] systemd[1]: Mounting POSIX Message Queue File System...
         Mounting POSIX Message Queue File System...
[    8.513211] systemd[1]: Starting Nameserver information manager...
         Starting Nameserver information manager...
[    8.517910] systemd[1]: Listening on /dev/initctl Compatibility Named Pipe.
[[0;32m  OK  [0m] Listening on /dev/initctl Compatibility Named Pipe.
[    8.524217] systemd[1]: Starting Set console keymap...
         Starting Set console keymap...
[    8.528533] systemd[1]: Listening on Device-mapper event daemon FIFOs.
[[0;32m  OK  [0m] Listening on Device-mapper event daemon FIFOs.
[    8.534615] systemd[1]: Created slice system-serial\x2dgetty.slice.
[[0;32m  OK  [0m] Created slice system-serial\x2dgetty.slice.
[    8.540682] systemd[1]: Mounting Huge Pages File System...
         Mounting Huge Pages File System...
[    8.548242] systemd[1]: Reached target Encrypted Volumes.
[[0;32m  OK  [0m] Reached target Encrypted Volumes.
[    8.554547] systemd[1]: Reached target Swap.
[[0;32m  OK  [0m] Reached target Swap.
[    8.559753] systemd[1]: Listening on Syslog Socket.
[[0;32m  OK  [0m] Listening on Syslog Socket.
[    8.564982] systemd[1]: Starting Journal Service...
         Starting Journal Service...
[    8.576724] systemd[1]: Starting Remount Root and Kernel File Systems...
         Starting Remount Root and Kernel File Systems...
[    8.582123] systemd[1]: Starting Monitoring of LVM2 mirrors, snapshots etc. using dmeventd or progress polling...
         Starting Monitoring of LVM2 mirrors... dmeventd or progress polling...
[    8.590110] EXT4-fs (sda1): re-mounted. Opts: (null)
[    8.595443] systemd[1]: Created slice User and Session Slice.
[[0;32m  OK  [0m] Created slice User and Session Slice.
[    8.599218] systemd[1]: Reached target Slices.
[[0;32m  OK  [0m] Reached target Slices.
[    8.605203] systemd[1]: Mounting Debug File System...
         Mounting Debug File System...
[    8.614336] systemd[1]: Starting Create list of required static device nodes for the current kernel...
         Starting Create list of required st... nodes for the current kernel...
[    8.631138] systemd[1]: Listening on udev Control Socket.
[[0;32m  OK  [0m] Listening on udev Control Socket.
[    8.642237] systemd[1]: Starting Uncomplicated firewall...
         Starting Uncomplicated firewall...
[    8.647771] systemd[1]: Reached target System Time Synchronized.
[[0;32m  OK  [0m] Reached target System Time Synchronized.
[    8.655713] systemd[1]: Starting Load Kernel Modules...
         Starting Load Kernel Modules...
[    8.658946] systemd[1]: Set up automount Arbitrary Executable File Formats File System Automount Point.
[[0;32m  OK  [0m] Set up automount Arbitrary Executab...ats File System Automount Point.
[    8.670679] Loading iSCSI transport class v2.0-870.
[    8.674812] systemd[1]: Mounted POSIX Message Queue File System.
[[0;32m  OK  [0m] Mounted POSIX Message Queue File System.
[    8.678143] systemd[1]: Mounted Debug File System.
[[0;32m  OK  [0m] Mounted Debug File System.
[    8.680272] random: nonblocking pool is initialized
[    8.683177] systemd[1]: Mounted Huge Pages File System.
[[0;32m  OK  [0m] Mounted Huge Pages File System.
[    8.688013] iscsi: registered transport (tcp)
[    8.694858] systemd[1]: Started Journal Service.
[[0;32m  OK  [0m] Started Journal Service.
[[0;32m  OK  [0m] Started Set console keymap.
[[0;32m  OK  [0m] Started Remount Root and Kernel File Systems.
[[0;32m  OK  [0m] Started Create list of required sta...ce nodes for the current kernel.
[[0;32m  OK  [0m] Started Uncomplicated firewall.
[[0;32m  OK  [0m] Started Nameserver information manager.
[[0;32m  OK  [0m] Started LVM2 metadata daemon.
         Starting Create Static Device Nodes in /dev...
[    8.731015] iscsi: registered transport (iser)
         Starting udev Coldplug all Devices...
         Starting Load/Save Random Seed...
         Starting Flush Journal to Persistent Storage...
[[0;32m  OK  [0m] Started Load Kernel Modules.
[[0;32m  OK  [0m] Started Load/Save Random Seed.
         Starting Apply Kernel Variables...
         Mounting FUSE Control File System...
[[0;32m  OK  [0m] Mounted FUSE Control File System.
[[0;32m  OK  [0m] Started Create Static Device Nodes in /dev.
[[0;32m  OK  [0m] Started Apply Kernel Variables.
         Starting udev Kernel Device Manager...
[[0;32m  OK  [0m] Started Flush Journal to Persistent Storage.
[[0;32m  OK  [0m] Started udev Coldplug all Devices.
[[0;32m  OK  [0m] Started udev Kernel Device Manager.
[[0;32m  OK  [0m] Started Dispatch Password Requests to Console Directory Watch.
[[0;32m  OK  [0m] Found device /dev/ttyS0.
[[0;32m  OK  [0m] Listening on Load/Save RF Kill Switch Status /dev/rfkill Watch.
[[0;32m  OK  [0m] Started Monitoring of LVM2 mirrors,...ng dmeventd or progress polling.
[[0;32m  OK  [0m] Reached target Local File Systems (Pre).
[[0;32m  OK  [0m] Reached target Local File Systems.
         Starting Initial cloud-init job (pre-networking)...
         Starting Commit a transient machine-id on disk...
         Starting Set console font and keymap...
         Starting Tell Plymouth To Write Out Runtime Data...
         Starting LSB: AppArmor initialization...
         Starting Create Volatile Files and Directories...
[[0;32m  OK  [0m] Started Commit a transient machine-id on disk.
[[0;32m  OK  [0m] Started Tell Plymouth To Write Out Runtime Data.
[[0;32m  OK  [0m] Started Create Volatile Files and Directories.
         Starting Update UTMP about System Boot/Shutdown...
[[0;32m  OK  [0m] Started Update UTMP about System Boot/Shutdown.
[[0;32m  OK  [0m] Started Set console font and keymap.
[[0;32m  OK  [0m] Created slice system-getty.slice.
[   11.182247] cloud-init[612]: Cloud-init v. 20.2-45-g5f7825e2-0ubuntu1~16.04.1 running 'init-local' at Tue, 28 Jul 2020 19:59:58 +0000. Up 10.59 seconds.
[[0;32m  OK  [0m] Started Initial cloud-init job (pre-networking).
[[0;32m  OK  [0m] Reached target Network (Pre).
[[0;32m  OK  [0m] Started LSB: AppArmor initialization.
         Starting Raise network interfaces...
         Starting Load AppArmor profiles managed internally by snapd...
[[0;32m  OK  [0m] Started Load AppArmor profiles managed internally by snapd.
[[0;32m  OK  [0m] Started Raise network interfaces.
[[0;32m  OK  [0m] Reached target Network.
         Starting Initial cloud-init job (metadata service crawler)...
[   12.808883] cloud-init[962]: Cloud-init v. 20.2-45-g5f7825e2-0ubuntu1~16.04.1 running 'init' at Tue, 28 Jul 2020 20:00:00 +0000. Up 12.27 seconds.
[   12.810099] cloud-init[962]: ci-info: ++++++++++++++++++++++++++++++++++++++Net device info+++++++++++++++++++++++++++++++++++++++
[   12.820839] cloud-init[962]: ci-info: +--------+-------+----------------------------+---------------+--------+-------------------+
[   12.832722] cloud-init[962]: ci-info: | Device |   Up  |          Address           |      Mask     | Scope  |     Hw-Address    |
[   12.834029] cloud-init[962]: ci-info: +--------+-------+----------------------------+---------------+--------+-------------------+
[   12.835190] cloud-init[962]: ci-info: | enp0s3 |  True |         10.0.2.15          | 255.255.255.0 | global | 02:e5:f9:b1:f5:c2 |
[   12.836785] cloud-init[962]: ci-info: | enp0s3 |  True | fe80::e5:f9ff:feb1:f5c2/64 |       .       |  link  | 02:e5:f9:b1:f5:c2 |
[   12.837884] cloud-init[962]: ci-info: | enp0s8 | False |             .              |       .       |   .    | 08:00:27:2f:38:d5 |
[   12.849362] cloud-init[962]: ci-info: |   lo   |  True |         127.0.0.1          |   255.0.0.0   |  host  |         .         |
[   12.850824] cloud-init[962]: ci-info: |   lo   |  True |          ::1/128           |       .       |  host  |         .         |
[   12.851871] cloud-init[962]: ci-info: +--------+-------+----------------------------+---------------+--------+-------------------+
[   12.853129] cloud-init[962]: ci-info: +++++++++++++++++++++++++++Route IPv4 info++++++++++++++++++++++++++++
[   12.864901] cloud-init[962]: ci-info: +-------+-------------+----------+---------------+-----------+-------+
[   12.866258] cloud-init[962]: ci-info: | Route | Destination | Gateway  |    Genmask    | Interface | Flags |
[   12.867149] cloud-init[962]: ci-info: +-------+-------------+----------+---------------+-----------+-------+
[   12.868124] cloud-init[962]: ci-info: |   0   |   0.0.0.0   | 10.0.2.2 |    0.0.0.0    |   enp0s3  |   UG  |
[   12.877591] cloud-init[962]: ci-info: |   1   |   10.0.2.0  | 0.0.0.0  | 255.255.255.0 |   enp0s3  |   U   |
[   12.879134] cloud-init[962]: ci-info: +-------+-------------+----------+---------------+-----------+-------+
[   12.880591] cloud-init[962]: ci-info: +++++++++++++++++++Route IPv6 info+++++++++++++++++++
[   12.882076] cloud-init[962]: ci-info: +-------+-------------+---------+-----------+-------+
[   12.888352] cloud-init[962]: ci-info: | Route | Destination | Gateway | Interface | Flags |
[   12.889235] cloud-init[962]: ci-info: +-------+-------------+---------+-----------+-------+
[   12.890018] cloud-init[962]: ci-info: |   0   |  fe80::/64  |    ::   |   enp0s3  |   U   |
[   12.890790] cloud-init[962]: ci-info: |   3   |   ff00::/8  |    ::   |   enp0s3  |   U   |
[   12.897402] cloud-init[962]: ci-info: +-------+-------------+---------+-----------+-------+
[   12.899584] cloud-init[962]: Generating public/private rsa key pair.
[   12.900687] cloud-init[962]: Your identification has been saved in /etc/ssh/ssh_host_rsa_key.
[[0;32m  OK  [0m] Started Initial cloud-init job (metadata service crawler).
[[0;32m  OK  [0m] Reached target Network is Online.
[   12.908793] cloud-init[962]: Your public key has been saved in /etc/ssh/ssh_host_rsa_key.pub.
[   12.911061] cloud-init[962]: The key fingerprint is:
[   12.912210] cloud-init[962]: SHA256:TlLt8wnlT9B9JNUGDkvrcQy3nndB3aFZELYeGho7ihM root@ubuntu-xenial
[   12.913150] cloud-init[962]: The key's randomart image is:
         Starting iSCSI initiator daemon (iscsid)...
[[0;32m  OK  [0m] Reached target Cloud-config availability.
[[0;32m  OK  [0m] Reached target System Initialization.
[[0;32m  OK  [0m] Listening on ACPID Listen Socket.
[[0;32m  OK  [0m] Started Daily Cleanup of Temporary Directories.
[[0;32m  OK  [0m] Started Daily apt download activities.
[   12.924971] cloud-init[962]: +---[RSA 2048]----+
[   12.941084] [cloud-init[0;32m  OK  [0m[962]: ] |            ++**B|Started ACPI Events Check.

[   12.948972] [cloud-init[0;32m  OK  [0m[962]: ] |         . ..X*==|Reached target Paths.

[[0;32m  OK  [0m] Listening on D-Bus System Message Bus Socket.
[[0;32m  OK  [0m] Started Message of the Day.
         Starting Socket activation for snappy daemon.
[[0;32m  OK  [0m] Started Daily apt upgrade and clean activities.
[[0;32m  OK  [0m] Reached target Timers.
[[0;32m  OK  [0m] Listening on UUID daemon activation socket.
[   12.949714] cloud-init[962]: |        ....*=*oo|         Starting LXD - unix socket.

[   12.960616] cloud-init[962]: |       . .+++=..o|
[   12.961434] cloud-init[962]: |     E. S++.o.+ o|
[   12.968321] cloud-init[962]: |      o+. .+ + ..|
[   12.968821] cloud-init[962]: |     o ..   o .  |[[0;32m  OK  [0m] Listening on Socket activation for snappy daemon.

[   12.970807] [[0;32m  OK  [0m] Listening on LXD - unix socket.
[[0;32m  OK  [0m] Reached target Sockets.
[[0;32m  OK  [0m] Reached target Basic System.
         Starting LXD - container startup/shutdown...
cloud-init[962]: |      .          |         Starting Accounts Service...

         Starting /etc/rc.local Compatibility...
[[0;32m  OK  [0m] Started D-Bus System Message Bus.
[   12.985137] cloud-init[962]: |                 |
[   12.985878] cloud-init[962]: +----[SHA256]-----+
[   12.987815] cloud-init[962]: Generating public/private dsa key pair.
[   12.988466] cloud-init[962]: Your identification has been saved in /etc/ssh/ssh_host_dsa_key.
[   12.999333] cloud-init[962]: Your public key has been saved in /etc/ssh/ssh_host_dsa_key.pub.
[   13.008333] cloud-init[962]: The key fingerprint is:
[   13.009144] cloud-init[962]: SHA256:aGXcVi+kWG/3Qb7eagZoQWb+Hr4smFcKLCzk7e+7CJ0 root@ubuntu-xenial
[   13.016952] cloud-init[962]: The key's randomart image is:
[   13.017689] cloud-init[962]: +---[DSA 1024]----+
[   13.018750] cloud-init[962]: |          . o  . |
[   13.019993] cloud-init[962]: |       . ++= .o  |
[   13.020732] cloud-init[962]: |        ==+ + oo |
[   13.021657] cloud-init[962]: |    .  + .o. o .o|
[   13.022601] cloud-init[962]: |   o oo.S  +   ..|
[   13.024512] cloud-init[962]: |    oo+.o o = . .|
[   13.026320] cloud-init[962]: |    .oE. = = o ..|
[   13.036268] cloud-init[962]: |     ...o +.o o. |
[   13.036463] cloud-init[962]: |      .o=+ .o+.  |
[   13.036637] cloud-init[962]: +----[SHA256]-----+
[   13.036755] cloud-init[962]: Generating public/private ecdsa key pair.
[   13.036778] cloud-init[962]: Your identification has been saved in /etc/ssh/ssh_host_ecdsa_key.
[   13.036832] cloud-init[962]: Your public key has been saved in /etc/ssh/ssh_host_ecdsa_key.pub.
[   13.036910] cloud-init[962]: The key fingerprint is:
[   13.036992] cloud-init[962]: SHA256:s0jAaxCpKtB96kMFmIRpavrO7Nr7ErMGqpR3ahLPLlI root@ubuntu-xenial
[   13.037067] cloud-init[962]: The key's randomart image is:
[   13.037157] cloud-init[962]: +---[ECDSA 256]---+
[   13.037242] cloud-init[962]: | +o+             |
[   13.037327] cloud-init[962]: |o.+o.            |
[   13.037429] cloud-init[962]: |oo..o.           |
[   13.037489] cloud-init[962]: |+....oo          |
[   13.037775] cloud-init[962]: |=   o+. S        |
[   13.037844] cloud-init[962]: |=.E.o. . o       |
[   13.037924] cloud-init[962]: |o*+B .. .        |
[   13.038000] cloud-init[962]: |+**+=            |
[   13.038086] cloud-init[962]: |==%*..           |
[   13.038161] cloud-init[962]: +----[SHA256]-----+
[   13.038342] cloud-init[962]: Generating public/private ed25519 key pair.
         Starting LSB: Record successful boot for GRUB...
[   13.038461] cloud-init[962]: Your identification has been saved in /etc/ssh/ssh_host_ed25519_key.
[   13.038490] cloud-init[962]: Your public key has been saved in /etc/ssh/ssh_host_ed25519_key.pub.         Starting Login Service...

[[0;32m  OK  [0m] Started ACPI event daemon.
[   13.048592] cloud-init[962]: The key fingerprint is:
         Starting LSB: MD monitoring daemon...
         Starting System Logging Service...
[   13.053500] cloud-init[962]: SHA256:1fHC42n66EGcYjtS4R+qP2k4CgfyNh519D5BCuIMB3w root@ubuntu-xenial
[[0;32m  OK  [0m] Started Regular background program processing daemon.
         Starting Virtualbox guest utils...
[[0;32m  OK  [0m] Started FUSE filesystem for LXC.
[[0;32m  OK  [0m] Started Deferred execution scheduler.
         Starting Pollinate to seed the pseudo random number generator...
         Starting Snap Daemon...
[[0;32m  OK  [0m] Started iSCSI initiator daemon (iscsid).
[[0;32m  OK  [0m] Started /etc/rc.local Compatibility.
         Starting Authenticate and Authorize Users to Run Privileged Tasks...
         Starting Login to default iSCSI targets...
[   13.095562] cloud-init[962]: The key's randomart image is:
[   13.100667] cloud-init[962]: +--[ED25519 256]--+
[   13.101918] cloud-init[962]: |o           .    |
[   13.102099] cloud-init[962]: | o E       o o   |
[   13.102298] cloud-init[962]: |. + . . o . = .  |
[   13.102437] cloud-init[962]: | = . o = + o +   |
[   13.102520] cloud-init[962]: |. + . o S = +    |
[   13.102605] cloud-init[962]: | o o . + B +     |
[[0;32m  OK  [0m] Started Login Service.
[   13.102737] cloud-init[962]: |  * . ..*.+      |
[   13.105198] cloud-init[962]: | o =  oo+o +     |
[   13.107663] cloud-init[962]: |  . ...+.oo .    |
[   13.110286] cloud-init[962]: +----[SHA256]-----+
[[0;32m  OK  [0m] Started Unattended Upgrades Shutdown.
[[0;32m  OK  [0m] Started System Logging Service.
[[0;32m  OK  [0m] Started LSB: MD monitoring daemon.
[[0;32m  OK  [0m] Started LSB: Record successful boot for GRUB.
[[0;32m  OK  [0m] Started Authenticate and Authorize Users to Run Privileged Tasks.
[[0;32m  OK  [0m] Started Login to default iSCSI targets.
[[0;32m  OK  [0m] Started Accounts Service.
[[0;32m  OK  [0m] Reached target Remote File Systems (Pre).
[[0;32m  OK  [0m] Reached target Remote File Systems.
         Starting LSB: Set the CPU Frequency Scaling governor to "ondemand"...
         Starting LSB: daemon to balance interrupts for SMP systems...
         Starting Permit User Sessions...
         Starting LSB: automatic crash report generation...
[[0;32m  OK  [0m] Started LXD - container startup/shutdown.
[[0;32m  OK  [0m] Started Permit User Sessions.
         Starting Terminate Plymouth Boot Screen...
         Starting Hold until boot process finishes up...
[[0;32m  OK  [0m] Started Hold until boot process finishes up.
[[0;32m  OK  [0m] Started Terminate Plymouth Boot Screen.
         Starting Set console scheme...
[[0;32m  OK  [0m] Started Getty on tty1.
[[0;32m  OK  [0m] Started Serial Getty on ttyS0.
[[0;32m  OK  [0m] Reached target Login Prompts.
[[0;32m  OK  [0m] Started LSB: Set the CPU Frequency Scaling governor to "ondemand".
[[0;32m  OK  [0m] Started Set console scheme.
[[0;32m  OK  [0m] Started LSB: daemon to balance interrupts for SMP systems.
[[0;32m  OK  [0m] Started LSB: automatic crash report generation.
[[0;32m  OK  [0m] Started Virtualbox guest utils.
[[0;32m  OK  [0m] Started Pollinate to seed the pseudo random number generator.
         Starting OpenBSD Secure Shell server...
[[0;32m  OK  [0m] Started Snap Daemon.
         Starting Wait until snapd is fully seeded...
[[0;32m  OK  [0m] Started OpenBSD Secure Shell server.
[[0;32m  OK  [0m] Started Wait until snapd is fully seeded.
         Starting Apply the settings specified in cloud-config...
[[0;32m  OK  [0m] Reached target Multi-User System.
[[0;32m  OK  [0m] Reached target Graphical Interface.
         Starting Update UTMP about System Runlevel Changes...
[[0;32m  OK  [0m] Started Update UTMP about System Runlevel Changes.
[   14.673891] cloud-init[1316]: Generating locales (this might take a while)...
[   15.642364] cloud-init[1316]:   en_US.UTF-8... done
[   15.645258] cloud-init[1316]: Generation complete.
[   16.235480] cloud-init[1316]: Cloud-init v. 20.2-45-g5f7825e2-0ubuntu1~16.04.1 running 'modules:config' at Tue, 28 Jul 2020 20:00:02 +0000. Up 14.55 seconds.
[[0;32m  OK  [0m] Started Apply the settings specified in cloud-config.
         Starting Execute cloud user/final scripts...
ci-info: no authorized SSH keys fingerprints found for user ubuntu.
<14>Jul 28 20:00:05 ec2: 
<14>Jul 28 20:00:05 ec2: #############################################################
<14>Jul 28 20:00:05 ec2: -----BEGIN SSH HOST KEY FINGERPRINTS-----
<14>Jul 28 20:00:05 ec2: 1024 SHA256:aGXcVi+kWG/3Qb7eagZoQWb+Hr4smFcKLCzk7e+7CJ0 root@ubuntu-xenial (DSA)
<14>Jul 28 20:00:05 ec2: 256 SHA256:s0jAaxCpKtB96kMFmIRpavrO7Nr7ErMGqpR3ahLPLlI root@ubuntu-xenial (ECDSA)
<14>Jul 28 20:00:05 ec2: 256 SHA256:1fHC42n66EGcYjtS4R+qP2k4CgfyNh519D5BCuIMB3w root@ubuntu-xenial (ED25519)
<14>Jul 28 20:00:05 ec2: 2048 SHA256:TlLt8wnlT9B9JNUGDkvrcQy3nndB3aFZELYeGho7ihM root@ubuntu-xenial (RSA)
<14>Jul 28 20:00:05 ec2: -----END SSH HOST KEY FINGERPRINTS-----
<14>Jul 28 20:00:05 ec2: #############################################################
-----BEGIN SSH HOST KEY KEYS-----
ecdsa-sha2-nistp256 AAAAE2VjZHNhLXNoYTItbmlzdHAyNTYAAAAIbmlzdHAyNTYAAABBBNhcG6vEMcdsyZ+wMTzYNAjZpN5D/q3iM5fpq+6TNjb4iGeS4nO2oJGW3PcnzsaLPoWcUU5hB3EVbN6dRMR/RDo= root@ubuntu-xenial
ssh-ed25519 AAAAC3NzaC1lZDI1NTE5AAAAIEsh8acgUZV/+om7snIotBktCaeWRUkaC8lED54YVkFg root@ubuntu-xenial
ssh-rsa AAAAB3NzaC1yc2EAAAADAQABAAABAQCb688+flHiEpGnHqyVVJoP5TM9C8mykw1BVO8Hb3u4wOGmtEK083lE7u7KuybtVht57Yf1Om9ZVmDrs5Ruq+0cH+VPKSBqUR0wEmeQpO2A8fbgdPtCasbcwODVvf9nQ9Os/vStfe0K+nlwohKyHEApyiBBCPhz8V18LAKVJC3QbCMT7pgilN7xrYDu2WJFHuVRergco36Co86aPoS1o0qW3l82RWqyBNcVjHp3FlUSjPhW8SUUlythjp+ut4Dh0u70SCmsU5P9mOd2b60hI31E622nm3ahcnVQUkqHZbIu2bTmBOCTO89i9yFGXA3myQkWmYQU1k1iT4538C7WFG5T root@ubuntu-xenial
-----END SSH HOST KEY KEYS-----
[   17.234964] cloud-init[1363]: Cloud-init v. 20.2-45-g5f7825e2-0ubuntu1~16.04.1 running 'modules:final' at Tue, 28 Jul 2020 20:00:05 +0000. Up 16.90 seconds.
[   17.236344] cloud-init[1363]: ci-info: no authorized SSH keys fingerprints found for user ubuntu.
[   17.237634] cloud-init[1363]: Cloud-init v. 20.2-45-g5f7825e2-0ubuntu1~16.04.1 finished at Tue, 28 Jul 2020 20:00:05 +0000. Datasource DataSourceNoCloud [seed=/dev/sdb][dsmode=net].  Up 17.22 seconds
[[0;32m  OK  [0m] Started Execute cloud user/final scripts.
[[0;32m  OK  [0m] Reached target Cloud-init target.

Ubuntu 16.04.6 LTS ubuntu-xenial ttyS0

ubuntu-xenial login: 